2026-03-05 18:21:02 | 🚀 开始训练: DeepJiandu_CRNN_Baseline
2026-03-05 18:21:02 | 💻 使用设备: cuda
2026-03-05 18:21:02 | 📦 正在加载数据集...
2026-03-05 18:21:18 | Epoch 1 | 训练 Loss: 11.8253
2026-03-05 18:21:20 | Epoch 1 | 验证 Loss: 6.6878 | CER: 1.0000
2026-03-05 18:21:20 | 👀 抽查样本 -> 预测:  | 真实: □長田林詣官廿三今兩候長到皆告令爲卒卧席薦四重令可行
2026-03-05 18:21:20 | 🌟 发现更优模型！CER 降至 1.0000，已保存至 weights/best_model.pth
2026-03-05 18:21:33 | Epoch 2 | 训练 Loss: 6.6073
2026-03-05 18:21:35 | Epoch 2 | 验证 Loss: 6.6992 | CER: 1.0000
2026-03-05 18:21:35 | 👀 抽查样本 -> 预测:  | 真实: □長田林詣官廿三今兩候長到皆告令爲卒卧席薦四重令可行
2026-03-05 18:21:35 | ⚠️ CER 未下降，早停计数器: 1/10
2026-03-05 18:21:47 | Epoch 3 | 训练 Loss: 6.5824
2026-03-05 18:21:49 | Epoch 3 | 验证 Loss: 6.6376 | CER: 1.0000
2026-03-05 18:21:49 | 👀 抽查样本 -> 预测:  | 真实: □長田林詣官廿三今兩候長到皆告令爲卒卧席薦四重令可行
2026-03-05 18:21:49 | ⚠️ CER 未下降，早停计数器: 2/10
2026-03-05 18:22:02 | Epoch 4 | 训练 Loss: 6.4829
2026-03-05 18:22:04 | Epoch 4 | 验证 Loss: 6.5310 | CER: 1.0000
2026-03-05 18:22:04 | 👀 抽查样本 -> 预测:  | 真实: □長田林詣官廿三今兩候長到皆告令爲卒卧席薦四重令可行
2026-03-05 18:22:04 | ⚠️ CER 未下降，早停计数器: 3/10
2026-03-05 18:22:17 | Epoch 5 | 训练 Loss: 6.3914
2026-03-05 18:22:19 | Epoch 5 | 验证 Loss: 6.4559 | CER: 1.0000
2026-03-05 18:22:19 | 👀 抽查样本 -> 预测:  | 真实: □長田林詣官廿三今兩候長到皆告令爲卒卧席薦四重令可行
2026-03-05 18:22:19 | ⚠️ CER 未下降，早停计数器: 4/10
2026-03-05 18:22:31 | Epoch 6 | 训练 Loss: 6.3423
2026-03-05 18:22:33 | Epoch 6 | 验证 Loss: 6.4059 | CER: 1.0000
2026-03-05 18:22:33 | 👀 抽查样本 -> 预测:  | 真实: □長田林詣官廿三今兩候長到皆告令爲卒卧席薦四重令可行
2026-03-05 18:22:33 | ⚠️ CER 未下降，早停计数器: 5/10
2026-03-05 18:22:46 | Epoch 7 | 训练 Loss: 6.2947
2026-03-05 18:22:48 | Epoch 7 | 验证 Loss: 6.3445 | CER: 1.0000
2026-03-05 18:22:48 | 👀 抽查样本 -> 预测:  | 真实: □長田林詣官廿三今兩候長到皆告令爲卒卧席薦四重令可行
2026-03-05 18:22:48 | ⚠️ CER 未下降，早停计数器: 6/10
2026-03-05 18:23:00 | Epoch 8 | 训练 Loss: 6.2632
2026-03-05 18:23:02 | Epoch 8 | 验证 Loss: 6.3137 | CER: 1.0000
2026-03-05 18:23:02 | 👀 抽查样本 -> 预测:  | 真实: □長田林詣官廿三今兩候長到皆告令爲卒卧席薦四重令可行
2026-03-05 18:23:02 | ⚠️ CER 未下降，早停计数器: 7/10
2026-03-05 18:23:15 | Epoch 9 | 训练 Loss: 6.2405
2026-03-05 18:23:17 | Epoch 9 | 验证 Loss: 6.3047 | CER: 1.0000
2026-03-05 18:23:17 | 👀 抽查样本 -> 预测:  | 真实: □長田林詣官廿三今兩候長到皆告令爲卒卧席薦四重令可行
2026-03-05 18:23:17 | ⚠️ CER 未下降，早停计数器: 8/10
2026-03-05 18:23:29 | Epoch 10 | 训练 Loss: 6.2177
2026-03-05 18:23:31 | Epoch 10 | 验证 Loss: 6.3049 | CER: 1.0000
2026-03-05 18:23:31 | 👀 抽查样本 -> 预测:  | 真实: □長田林詣官廿三今兩候長到皆告令爲卒卧席薦四重令可行
2026-03-05 18:23:31 | ⚠️ CER 未下降，早停计数器: 9/10
2026-03-05 18:23:44 | Epoch 11 | 训练 Loss: 6.1934
2026-03-05 18:23:46 | Epoch 11 | 验证 Loss: 6.2567 | CER: 1.0000
2026-03-05 18:23:46 | 👀 抽查样本 -> 预测:  | 真实: □長田林詣官廿三今兩候長到皆告令爲卒卧席薦四重令可行
2026-03-05 18:23:46 | ⚠️ CER 未下降，早停计数器: 10/10
2026-03-05 18:23:58 | Epoch 12 | 训练 Loss: 6.1562
2026-03-05 18:24:00 | Epoch 12 | 验证 Loss: 6.2503 | CER: 1.0000
2026-03-05 18:24:00 | 👀 抽查样本 -> 预测:  | 真实: □長田林詣官廿三今兩候長到皆告令爲卒卧席薦四重令可行
2026-03-05 18:24:00 | ⚠️ CER 未下降，早停计数器: 11/10
2026-03-05 18:24:13 | Epoch 13 | 训练 Loss: 6.1348
2026-03-05 18:24:15 | Epoch 13 | 验证 Loss: 6.2715 | CER: 1.0000
2026-03-05 18:24:15 | 👀 抽查样本 -> 预测:  | 真实: □長田林詣官廿三今兩候長到皆告令爲卒卧席薦四重令可行
2026-03-05 18:24:15 | ⚠️ CER 未下降，早停计数器: 12/10
2026-03-05 18:24:27 | Epoch 14 | 训练 Loss: 6.1036
2026-03-05 18:24:29 | Epoch 14 | 验证 Loss: 6.2436 | CER: 1.0000
2026-03-05 18:24:29 | 👀 抽查样本 -> 预测:  | 真实: □長田林詣官廿三今兩候長到皆告令爲卒卧席薦四重令可行
2026-03-05 18:24:29 | ⚠️ CER 未下降，早停计数器: 13/10
2026-03-05 18:24:42 | Epoch 15 | 训练 Loss: 6.0695
2026-03-05 18:24:44 | Epoch 15 | 验证 Loss: 6.1968 | CER: 0.9950
2026-03-05 18:24:44 | 👀 抽查样本 -> 预测:  | 真实: □長田林詣官廿三今兩候長到皆告令爲卒卧席薦四重令可行
2026-03-05 18:24:44 | 🌟 发现更优模型！CER 降至 0.9950，已保存至 weights/best_model.pth
2026-03-05 18:24:56 | Epoch 16 | 训练 Loss: 6.0287
2026-03-05 18:24:58 | Epoch 16 | 验证 Loss: 6.1992 | CER: 0.9976
2026-03-05 18:24:58 | 👀 抽查样本 -> 预测:  | 真实: □長田林詣官廿三今兩候長到皆告令爲卒卧席薦四重令可行
2026-03-05 18:24:58 | ⚠️ CER 未下降，早停计数器: 1/10
2026-03-05 18:25:11 | Epoch 17 | 训练 Loss: 5.9684
2026-03-05 18:25:13 | Epoch 17 | 验证 Loss: 6.0991 | CER: 0.9769
2026-03-05 18:25:13 | 👀 抽查样本 -> 预测: □ | 真实: □長田林詣官廿三今兩候長到皆告令爲卒卧席薦四重令可行
2026-03-05 18:25:13 | 🌟 发现更优模型！CER 降至 0.9769，已保存至 weights/best_model.pth
2026-03-05 18:25:26 | Epoch 18 | 训练 Loss: 5.9010
2026-03-05 18:25:28 | Epoch 18 | 验证 Loss: 6.0164 | CER: 0.9853
2026-03-05 18:25:28 | 👀 抽查样本 -> 预测: □ | 真实: □長田林詣官廿三今兩候長到皆告令爲卒卧席薦四重令可行
2026-03-05 18:25:28 | ⚠️ CER 未下降，早停计数器: 1/10
2026-03-05 18:25:40 | Epoch 19 | 训练 Loss: 5.8002
2026-03-05 18:25:42 | Epoch 19 | 验证 Loss: 5.9721 | CER: 0.9746
2026-03-05 18:25:42 | 👀 抽查样本 -> 预测: □ | 真实: □長田林詣官廿三今兩候長到皆告令爲卒卧席薦四重令可行
2026-03-05 18:25:42 | 🌟 发现更优模型！CER 降至 0.9746，已保存至 weights/best_model.pth
2026-03-05 18:25:55 | Epoch 20 | 训练 Loss: 5.6876
2026-03-05 18:25:57 | Epoch 20 | 验证 Loss: 5.9302 | CER: 0.9663
2026-03-05 18:25:57 | 👀 抽查样本 -> 预测: □ | 真实: □長田林詣官廿三今兩候長到皆告令爲卒卧席薦四重令可行
2026-03-05 18:25:57 | 🌟 发现更优模型！CER 降至 0.9663，已保存至 weights/best_model.pth
2026-03-05 18:26:10 | Epoch 21 | 训练 Loss: 5.5948
2026-03-05 18:26:12 | Epoch 21 | 验证 Loss: 6.0035 | CER: 0.9670
2026-03-05 18:26:12 | 👀 抽查样本 -> 预测: □ | 真实: □長田林詣官廿三今兩候長到皆告令爲卒卧席薦四重令可行
2026-03-05 18:26:12 | ⚠️ CER 未下降，早停计数器: 1/10
2026-03-05 18:26:24 | Epoch 22 | 训练 Loss: 5.4899
2026-03-05 18:26:26 | Epoch 22 | 验证 Loss: 5.8056 | CER: 0.9461
2026-03-05 18:26:26 | 👀 抽查样本 -> 预测: □□□長年 | 真实: □長田林詣官廿三今兩候長到皆告令爲卒卧席薦四重令可行
2026-03-05 18:26:26 | 🌟 发现更优模型！CER 降至 0.9461，已保存至 weights/best_model.pth
2026-03-05 18:26:39 | Epoch 23 | 训练 Loss: 5.3602
2026-03-05 18:26:41 | Epoch 23 | 验证 Loss: 5.7781 | CER: 0.9210
2026-03-05 18:26:41 | 👀 抽查样本 -> 预测: □月□□第候言□年月候錢年三 | 真实: □長田林詣官廿三今兩候長到皆告令爲卒卧席薦四重令可行
2026-03-05 18:26:41 | 🌟 发现更优模型！CER 降至 0.9210，已保存至 weights/best_model.pth
2026-03-05 18:26:53 | Epoch 24 | 训练 Loss: 5.2091
2026-03-05 18:26:55 | Epoch 24 | 验证 Loss: 5.7030 | CER: 0.9154
2026-03-05 18:26:55 | 👀 抽查样本 -> 预测: □月隧隧第言月□候長隧長第年候候吏第卒取 | 真实: □長田林詣官廿三今兩候長到皆告令爲卒卧席薦四重令可行
2026-03-05 18:26:55 | 🌟 发现更优模型！CER 降至 0.9154，已保存至 weights/best_model.pth
2026-03-05 18:27:08 | Epoch 25 | 训练 Loss: 5.0394
2026-03-05 18:27:10 | Epoch 25 | 验证 Loss: 5.3687 | CER: 0.8873
2026-03-05 18:27:10 | 👀 抽查样本 -> 预测: □月隧錢六月不隧候長所敢言不不卒候候不年不不敢 | 真实: □長田林詣官廿三今兩候長到皆告令爲卒卧席薦四重令可行
2026-03-05 18:27:10 | 🌟 发现更优模型！CER 降至 0.8873，已保存至 weights/best_model.pth
2026-03-05 18:27:23 | Epoch 26 | 训练 Loss: 4.8320
2026-03-05 18:27:25 | Epoch 26 | 验证 Loss: 5.2149 | CER: 0.8766
2026-03-05 18:27:25 | 👀 抽查样本 -> 预测: □月隧敢敢之月不所謹長所毋言之不年不候候不書以不所 | 真实: □長田林詣官廿三今兩候長到皆告令爲卒卧席薦四重令可行
2026-03-05 18:27:25 | 🌟 发现更优模型！CER 降至 0.8766，已保存至 weights/best_model.pth
2026-03-05 18:27:38 | Epoch 27 | 训练 Loss: 4.6350
2026-03-05 18:27:40 | Epoch 27 | 验证 Loss: 5.0940 | CER: 0.8601
2026-03-05 18:27:40 | 👀 抽查样本 -> 预测: □四隧敢敢之千所候官所言令史卒以虜候不書令不敢 | 真实: □長田林詣官廿三今兩候長到皆告令爲卒卧席薦四重令可行
2026-03-05 18:27:40 | 🌟 发现更优模型！CER 降至 0.8601，已保存至 weights/best_model.pth
2026-03-05 18:27:52 | Epoch 28 | 训练 Loss: 4.4685
2026-03-05 18:27:55 | Epoch 28 | 验证 Loss: 5.0774 | CER: 0.8515
2026-03-05 18:27:55 | 👀 抽查样本 -> 预测: □月隧敢敢十千少所掾食□□吏十卒以馬錢四言之不敢 | 真实: □長田林詣官廿三今兩候長到皆告令爲卒卧席薦四重令可行
2026-03-05 18:27:55 | 🌟 发现更优模型！CER 降至 0.8515，已保存至 weights/best_model.pth
2026-03-05 18:28:07 | Epoch 29 | 训练 Loss: 4.3200
2026-03-05 18:28:09 | Epoch 29 | 验证 Loss: 4.9958 | CER: 0.8405
2026-03-05 18:28:09 | 👀 抽查样本 -> 预测: □月隧敢所□五□所候錢四四吏□五事以候候四書吏不時 | 真实: □長田林詣官廿三今兩候長到皆告令爲卒卧席薦四重令可行
2026-03-05 18:28:10 | 🌟 发现更优模型！CER 降至 0.8405，已保存至 weights/best_model.pth
2026-03-05 18:28:22 | Epoch 30 | 训练 Loss: 4.1557
2026-03-05 18:28:24 | Epoch 30 | 验证 Loss: 4.8669 | CER: 0.8331
2026-03-05 18:28:24 | 👀 抽查样本 -> 预测: □不都敢敢廿二之府掾者到□吏令史卒以當書四書令不欲 | 真实: □長田林詣官廿三今兩候長到皆告令爲卒卧席薦四重令可行
2026-03-05 18:28:25 | 🌟 发现更优模型！CER 降至 0.8331，已保存至 weights/best_model.pth
2026-03-05 18:28:37 | Epoch 31 | 训练 Loss: 3.9894
2026-03-05 18:28:39 | Epoch 31 | 验证 Loss: 4.7664 | CER: 0.8114
2026-03-05 18:28:39 | 👀 抽查样本 -> 预测: □月時□尉廿三少取編官何□吏令吏事以候積四盡官不編 | 真实: □長田林詣官廿三今兩候長到皆告令爲卒卧席薦四重令可行
2026-03-05 18:28:39 | 🌟 发现更优模型！CER 降至 0.8114，已保存至 weights/best_model.pth
2026-03-05 18:28:52 | Epoch 32 | 训练 Loss: 3.8490
2026-03-05 18:28:54 | Epoch 32 | 验证 Loss: 4.8425 | CER: 0.8097
2026-03-05 18:28:54 | 👀 抽查样本 -> 预测: □日都□府廿三少兩候居□□吏廿五卒以渠第四言令不時 | 真实: □長田林詣官廿三今兩候長到皆告令爲卒卧席薦四重令可行
2026-03-05 18:28:54 | 🌟 发现更优模型！CER 降至 0.8097，已保存至 weights/best_model.pth
2026-03-05 18:29:07 | Epoch 33 | 训练 Loss: 3.6930
2026-03-05 18:29:09 | Epoch 33 | 验证 Loss: 4.7350 | CER: 0.8052
2026-03-05 18:29:09 | 👀 抽查样本 -> 预测: □不知□府□子之所掾各□□吏令未卒以當錢四直廿不相 | 真实: □長田林詣官廿三今兩候長到皆告令爲卒卧席薦四重令可行
2026-03-05 18:29:09 | 🌟 发现更优模型！CER 降至 0.8052，已保存至 weights/best_model.pth
2026-03-05 18:29:22 | Epoch 34 | 训练 Loss: 3.5419
2026-03-05 18:29:24 | Epoch 34 | 验证 Loss: 4.6062 | CER: 0.7940
2026-03-05 18:29:24 | 👀 抽查样本 -> 预测: □四地□敢廿言令相掾食私留言令令言以黃第叩直令不相 | 真实: □長田林詣官廿三今兩候長到皆告令爲卒卧席薦四重令可行
2026-03-05 18:29:24 | 🌟 发现更优模型！CER 降至 0.7940，已保存至 weights/best_model.pth
2026-03-05 18:29:37 | Epoch 35 | 训练 Loss: 3.4140
2026-03-05 18:29:39 | Epoch 35 | 验证 Loss: 4.5157 | CER: 0.7734
2026-03-05 18:29:39 | 👀 抽查样本 -> 预测: □四物□官廿三令府掾道私尉告令今卒以屬譚四卒□不相 | 真实: □長田林詣官廿三今兩候長到皆告令爲卒卧席薦四重令可行
2026-03-05 18:29:39 | 🌟 发现更优模型！CER 降至 0.7734，已保存至 weights/best_model.pth
2026-03-05 18:29:51 | Epoch 36 | 训练 Loss: 3.2721
2026-03-05 18:29:54 | Epoch 36 | 验证 Loss: 4.4558 | CER: 0.7635
2026-03-05 18:29:54 | 👀 抽查样本 -> 预测: □四物部官廿三令府給朢到尉書令今卒以黃錢四令不部 | 真实: □長田林詣官廿三今兩候長到皆告令爲卒卧席薦四重令可行
2026-03-05 18:29:54 | 🌟 发现更优模型！CER 降至 0.7635，已保存至 weights/best_model.pth
2026-03-05 18:30:06 | Epoch 37 | 训练 Loss: 3.0651
2026-03-05 18:30:09 | Epoch 37 | 验证 Loss: 4.3561 | CER: 0.7556
2026-03-05 18:30:09 | 👀 抽查样本 -> 预测: □四鄣□官廿三少再掾食部留者令毋卒以黃第四直當不掾 | 真实: □長田林詣官廿三今兩候長到皆告令爲卒卧席薦四重令可行
2026-03-05 18:30:09 | 🌟 发现更优模型！CER 降至 0.7556，已保存至 weights/best_model.pth
2026-03-05 18:30:21 | Epoch 38 | 训练 Loss: 2.9342
2026-03-05 18:30:24 | Epoch 38 | 验证 Loss: 4.4074 | CER: 0.7498
2026-03-05 18:30:24 | 👀 抽查样本 -> 预测: □四物部官廿三令府候者行皆者令去以乘錢四苣令不行 | 真实: □長田林詣官廿三今兩候長到皆告令爲卒卧席薦四重令可行
2026-03-05 18:30:24 | 🌟 发现更优模型！CER 降至 0.7498，已保存至 weights/best_model.pth
2026-03-05 18:30:36 | Epoch 39 | 训练 Loss: 2.7673
2026-03-05 18:30:38 | Epoch 39 | 验证 Loss: 4.2675 | CER: 0.7369
2026-03-05 18:30:38 | 👀 抽查样本 -> 预测: □四物□官卅言令再臈朢部皆者令毋事以黃護四盡令不候 | 真实: □長田林詣官廿三今兩候長到皆告令爲卒卧席薦四重令可行
2026-03-05 18:30:39 | 🌟 发现更优模型！CER 降至 0.7369，已保存至 weights/best_model.pth
2026-03-05 18:30:51 | Epoch 40 | 训练 Loss: 2.6560
2026-03-05 18:30:53 | Epoch 40 | 验证 Loss: 4.2911 | CER: 0.7304
2026-03-05 18:30:53 | 👀 抽查样本 -> 预测: □四物移官廿三令兩候起部留者令方卒以黃積四直令不候 | 真实: □長田林詣官廿三今兩候長到皆告令爲卒卧席薦四重令可行
2026-03-05 18:30:53 | 🌟 发现更优模型！CER 降至 0.7304，已保存至 weights/best_model.pth
2026-03-05 18:31:06 | Epoch 41 | 训练 Loss: 2.4817
2026-03-05 18:31:08 | Epoch 41 | 验证 Loss: 4.2668 | CER: 0.7275
2026-03-05 18:31:08 | 👀 抽查样本 -> 预测: □四物□官卅言令再掾朢封留者令去李以寫護四盡令百井 | 真实: □長田林詣官廿三今兩候長到皆告令爲卒卧席薦四重令可行
2026-03-05 18:31:08 | 🌟 发现更优模型！CER 降至 0.7275，已保存至 weights/best_model.pth
2026-03-05 18:31:21 | Epoch 42 | 训练 Loss: 2.4521
2026-03-05 18:31:23 | Epoch 42 | 验证 Loss: 4.3849 | CER: 0.7421
2026-03-05 18:31:23 | 👀 抽查样本 -> 预测: □四知□官廿三令府掾道封四日告令毋卒以府錢四直令不井 | 真实: □長田林詣官廿三今兩候長到皆告令爲卒卧席薦四重令可行
2026-03-05 18:31:23 | ⚠️ CER 未下降，早停计数器: 1/10
2026-03-05 18:31:35 | Epoch 43 | 训练 Loss: 2.2817
2026-03-05 18:31:37 | Epoch 43 | 验证 Loss: 4.2476 | CER: 0.7265
2026-03-05 18:31:37 | 👀 抽查样本 -> 预测: □四物詣官廿三合兩掾兼許皆告令去卒以常錢四苣令百掾 | 真实: □長田林詣官廿三今兩候長到皆告令爲卒卧席薦四重令可行
2026-03-05 18:31:38 | 🌟 发现更优模型！CER 降至 0.7265，已保存至 weights/best_model.pth
2026-03-05 18:31:50 | Epoch 44 | 训练 Loss: 2.1540
2026-03-05 18:31:52 | Epoch 44 | 验证 Loss: 4.2278 | CER: 0.7151
2026-03-05 18:31:52 | 👀 抽查样本 -> 预测: □四物詣官廿三令所掾劍部皆告令今卒以病錢四苣令百行 | 真实: □長田林詣官廿三今兩候長到皆告令爲卒卧席薦四重令可行
2026-03-05 18:31:53 | 🌟 发现更优模型！CER 降至 0.7151，已保存至 weights/best_model.pth
2026-03-05 18:32:05 | Epoch 45 | 训练 Loss: 2.0346
2026-03-05 18:32:07 | Epoch 45 | 验证 Loss: 4.1788 | CER: 0.7154
2026-03-05 18:32:07 | 👀 抽查样本 -> 预测: □四物詣官廿三合兩候寒許留六令六卒代常錢四直令可掾 | 真实: □長田林詣官廿三今兩候長到皆告令爲卒卧席薦四重令可行
2026-03-05 18:32:07 | ⚠️ CER 未下降，早停计数器: 1/10
2026-03-05 18:32:20 | Epoch 46 | 训练 Loss: 1.9496
2026-03-05 18:32:22 | Epoch 46 | 验证 Loss: 4.2389 | CER: 0.7147
2026-03-05 18:32:22 | 👀 抽查样本 -> 预测: □四物詣官廿三合兩候起行謂者令方卒以蘭蘭四直令百持 | 真实: □長田林詣官廿三今兩候長到皆告令爲卒卧席薦四重令可行
2026-03-05 18:32:22 | 🌟 发现更优模型！CER 降至 0.7147，已保存至 weights/best_model.pth
2026-03-05 18:32:35 | Epoch 47 | 训练 Loss: 1.8847
2026-03-05 18:32:37 | Epoch 47 | 验证 Loss: 4.2384 | CER: 0.7172
2026-03-05 18:32:37 | 👀 抽查样本 -> 预测: □四持詣官廿二合府驗證封謂者令布卒以蘭蘭四盡令可持 | 真实: □長田林詣官廿三今兩候長到皆告令爲卒卧席薦四重令可行
2026-03-05 18:32:37 | ⚠️ CER 未下降，早停计数器: 1/10
2026-03-05 18:32:49 | Epoch 48 | 训练 Loss: 1.8252
2026-03-05 18:32:51 | Epoch 48 | 验证 Loss: 4.2789 | CER: 0.7130
2026-03-05 18:32:51 | 👀 抽查样本 -> 预测: □四物詣官廿二令府驗貧折謂者令令卒以病蘭四書令百積 | 真实: □長田林詣官廿三今兩候長到皆告令爲卒卧席薦四重令可行
2026-03-05 18:32:52 | 🌟 发现更优模型！CER 降至 0.7130，已保存至 weights/best_model.pth
2026-03-05 18:33:04 | Epoch 49 | 训练 Loss: 1.7112
2026-03-05 18:33:06 | Epoch 49 | 验证 Loss: 4.3134 | CER: 0.7018
2026-03-05 18:33:06 | 👀 抽查样本 -> 预测: □四□詣官廿三合兩驗彭許留告令方年以常錢四直令百行 | 真实: □長田林詣官廿三今兩候長到皆告令爲卒卧席薦四重令可行
2026-03-05 18:33:07 | 🌟 发现更优模型！CER 降至 0.7018，已保存至 weights/best_model.pth
2026-03-05 18:33:19 | Epoch 50 | 训练 Loss: 1.6434
2026-03-05 18:33:21 | Epoch 50 | 验证 Loss: 4.2913 | CER: 0.7091
2026-03-05 18:33:21 | 👀 抽查样本 -> 预测: □日䅭詣官令三合府驗兼新皆者令毋辛以蘭廬四盡令百行 | 真实: □長田林詣官廿三今兩候長到皆告令爲卒卧席薦四重令可行
2026-03-05 18:33:21 | ⚠️ CER 未下降，早停计数器: 1/10
2026-03-05 18:33:34 | Epoch 51 | 训练 Loss: 1.5027
2026-03-05 18:33:36 | Epoch 51 | 验证 Loss: 4.2750 | CER: 0.6950
2026-03-05 18:33:36 | 👀 抽查样本 -> 预测: □四物詣官廿三令府掾愈到皆書令右卒以歲蘭四盡令百行 | 真实: □長田林詣官廿三今兩候長到皆告令爲卒卧席薦四重令可行
2026-03-05 18:33:36 | 🌟 发现更优模型！CER 降至 0.6950，已保存至 weights/best_model.pth
2026-03-05 18:33:49 | Epoch 52 | 训练 Loss: 1.3574
2026-03-05 18:33:51 | Epoch 52 | 验证 Loss: 4.3174 | CER: 0.6937
2026-03-05 18:33:51 | 👀 抽查样本 -> 预测: □四相詣官廿三合兩驗記封皆吉令爲卒以當廬四直令百行 | 真实: □長田林詣官廿三今兩候長到皆告令爲卒卧席薦四重令可行
2026-03-05 18:33:51 | 🌟 发现更优模型！CER 降至 0.6937，已保存至 weights/best_model.pth
2026-03-05 18:34:03 | Epoch 53 | 训练 Loss: 1.3737
2026-03-05 18:34:06 | Epoch 53 | 验证 Loss: 4.3318 | CER: 0.6995
2026-03-05 18:34:06 | 👀 抽查样本 -> 预测: □石物詣官廿三今兩驗記私留六令方卒以病廬四盡令百行 | 真实: □長田林詣官廿三今兩候長到皆告令爲卒卧席薦四重令可行
2026-03-05 18:34:06 | ⚠️ CER 未下降，早停计数器: 1/10
2026-03-05 18:34:18 | Epoch 54 | 训练 Loss: 1.2184
2026-03-05 18:34:20 | Epoch 54 | 验证 Loss: 4.3439 | CER: 0.6891
2026-03-05 18:34:20 | 👀 抽查样本 -> 预测: □四物詣官廿三合兩傰記私留吉令方卒以病復四直令百行 | 真实: □長田林詣官廿三今兩候長到皆告令爲卒卧席薦四重令可行
2026-03-05 18:34:20 | 🌟 发现更优模型！CER 降至 0.6891，已保存至 weights/best_model.pth
2026-03-05 18:34:33 | Epoch 55 | 训练 Loss: 1.1387
2026-03-05 18:34:35 | Epoch 55 | 验证 Loss: 4.3308 | CER: 0.6866
2026-03-05 18:34:35 | 👀 抽查样本 -> 预测: □石折詣官廿三令兩除誼私留方令方卒代常廬四直令百行 | 真实: □長田林詣官廿三今兩候長到皆告令爲卒卧席薦四重令可行
2026-03-05 18:34:35 | 🌟 发现更优模型！CER 降至 0.6866，已保存至 weights/best_model.pth
2026-03-05 18:34:48 | Epoch 56 | 训练 Loss: 1.0111
2026-03-05 18:34:50 | Epoch 56 | 验证 Loss: 4.4532 | CER: 0.6858
2026-03-05 18:34:50 | 👀 抽查样本 -> 预测: □四相詣官廿三今兩給經私留吉令右卒以廉塗四盡令百行 | 真实: □長田林詣官廿三今兩候長到皆告令爲卒卧席薦四重令可行
2026-03-05 18:34:50 | 🌟 发现更优模型！CER 降至 0.6858，已保存至 weights/best_model.pth
2026-03-05 18:35:02 | Epoch 57 | 训练 Loss: 0.9658
2026-03-05 18:35:05 | Epoch 57 | 验证 Loss: 4.4151 | CER: 0.6814
2026-03-05 18:35:05 | 👀 抽查样本 -> 预测: □石物詣官廿三合府給誼新皆方令方卒以寄廬四苣令百行 | 真实: □長田林詣官廿三今兩候長到皆告令爲卒卧席薦四重令可行
2026-03-05 18:35:05 | 🌟 发现更优模型！CER 降至 0.6814，已保存至 weights/best_model.pth
2026-03-05 18:35:17 | Epoch 58 | 训练 Loss: 0.8937
2026-03-05 18:35:19 | Epoch 58 | 验证 Loss: 4.5098 | CER: 0.6834
2026-03-05 18:35:19 | 👀 抽查样本 -> 预测: □石相詣官少三今兩償證私皆吉令方卒公蘭廬四直令百行 | 真实: □長田林詣官廿三今兩候長到皆告令爲卒卧席薦四重令可行
2026-03-05 18:35:19 | ⚠️ CER 未下降，早停计数器: 1/10
2026-03-05 18:35:32 | Epoch 59 | 训练 Loss: 0.8201
2026-03-05 18:35:34 | Epoch 59 | 验证 Loss: 4.4999 | CER: 0.6873
2026-03-05 18:35:34 | 👀 抽查样本 -> 预测: 六石物詣官廿三今兩掾塞私留赤令方卒以常塗四直令百行 | 真实: □長田林詣官廿三今兩候長到皆告令爲卒卧席薦四重令可行
2026-03-05 18:35:34 | ⚠️ CER 未下降，早停计数器: 2/10
2026-03-05 18:35:47 | Epoch 60 | 训练 Loss: 0.7371
2026-03-05 18:35:49 | Epoch 60 | 验证 Loss: 4.5619 | CER: 0.6888
2026-03-05 18:35:49 | 👀 抽查样本 -> 预测: □石物詣官少三合兩給縣部留去令右卒以席廬四盡令百行 | 真实: □長田林詣官廿三今兩候長到皆告令爲卒卧席薦四重令可行
2026-03-05 18:35:49 | ⚠️ CER 未下降，早停计数器: 3/10
2026-03-05 18:36:01 | Epoch 61 | 训练 Loss: 0.7162
2026-03-05 18:36:04 | Epoch 61 | 验证 Loss: 4.6383 | CER: 0.6884
2026-03-05 18:36:04 | 👀 抽查样本 -> 预测: 六石物詣官廿三合兩給鍉部詣六令九卒以席廬四苣令百行 | 真实: □長田林詣官廿三今兩候長到皆告令爲卒卧席薦四重令可行
2026-03-05 18:36:04 | ⚠️ CER 未下降，早停计数器: 4/10
2026-03-05 18:36:16 | Epoch 62 | 训练 Loss: 0.7368
2026-03-05 18:36:18 | Epoch 62 | 验证 Loss: 4.7149 | CER: 0.6890
2026-03-05 18:36:18 | 👀 抽查样本 -> 预测: □四物詣官廿三合兩給經詣皆告令方卒以席廬四妻令百行 | 真实: □長田林詣官廿三今兩候長到皆告令爲卒卧席薦四重令可行
2026-03-05 18:36:18 | ⚠️ CER 未下降，早停计数器: 5/10
2026-03-05 18:36:31 | Epoch 63 | 训练 Loss: 0.7405
2026-03-05 18:36:33 | Epoch 63 | 验证 Loss: 4.7333 | CER: 0.6982
2026-03-05 18:36:33 | 👀 抽查样本 -> 预测: 凡四相詣官廿三合兩給記私詣去令右卒以席穀四苣令百行 | 真实: □長田林詣官廿三今兩候長到皆告令爲卒卧席薦四重令可行
2026-03-05 18:36:33 | ⚠️ CER 未下降，早停计数器: 6/10
2026-03-05 18:36:46 | Epoch 64 | 训练 Loss: 0.6076
2026-03-05 18:36:48 | Epoch 64 | 验证 Loss: 4.7317 | CER: 0.6849
2026-03-05 18:36:48 | 👀 抽查样本 -> 预测: □四䅭詣官廿三合兩給兼封詣去令方卒以席廬四苣令百行 | 真实: □長田林詣官廿三今兩候長到皆告令爲卒卧席薦四重令可行
2026-03-05 18:36:48 | ⚠️ CER 未下降，早停计数器: 7/10
2026-03-05 18:37:00 | Epoch 65 | 训练 Loss: 0.5679
2026-03-05 18:37:02 | Epoch 65 | 验证 Loss: 4.7543 | CER: 0.6846
2026-03-05 18:37:02 | 👀 抽查样本 -> 预测: □四相詣官廿三合府給寒將皆去令爲卒以亭護四直令百行 | 真实: □長田林詣官廿三今兩候長到皆告令爲卒卧席薦四重令可行
2026-03-05 18:37:02 | ⚠️ CER 未下降，早停计数器: 8/10
2026-03-05 18:37:15 | Epoch 66 | 训练 Loss: 0.4514
2026-03-05 18:37:17 | Epoch 66 | 验证 Loss: 4.8784 | CER: 0.6802
2026-03-05 18:37:17 | 👀 抽查样本 -> 预测: 分四檄詣官廿三合兩給誼私留吉令戍卒以亭穀四直令百行 | 真实: □長田林詣官廿三今兩候長到皆告令爲卒卧席薦四重令可行
2026-03-05 18:37:17 | 🌟 发现更优模型！CER 降至 0.6802，已保存至 weights/best_model.pth
2026-03-05 18:37:30 | Epoch 67 | 训练 Loss: 0.5043
2026-03-05 18:37:32 | Epoch 67 | 验证 Loss: 5.0050 | CER: 0.6934
2026-03-05 18:37:32 | 👀 抽查样本 -> 预测: 小石䅭詣官廿三合兩臈記刑得告令爲卒以常護四直令百行 | 真实: □長田林詣官廿三今兩候長到皆告令爲卒卧席薦四重令可行
2026-03-05 18:37:32 | ⚠️ CER 未下降，早停计数器: 1/10
2026-03-05 18:37:44 | Epoch 68 | 训练 Loss: 0.4910
2026-03-05 18:37:46 | Epoch 68 | 验证 Loss: 4.9591 | CER: 0.6901
2026-03-05 18:37:46 | 👀 抽查样本 -> 预测: □四折詣官廿三今兩給妻布皆日赤令毋卒以病護四金令百行 | 真实: □長田林詣官廿三今兩候長到皆告令爲卒卧席薦四重令可行
2026-03-05 18:37:46 | ⚠️ CER 未下降，早停计数器: 2/10
2026-03-05 18:37:59 | Epoch 69 | 训练 Loss: 0.4657
2026-03-05 18:38:01 | Epoch 69 | 验证 Loss: 4.9270 | CER: 0.6913
2026-03-05 18:38:01 | 👀 抽查样本 -> 预测: 凡四物詣官少三合兩給茭狀皆日方令爲卒以病護四直令百行 | 真实: □長田林詣官廿三今兩候長到皆告令爲卒卧席薦四重令可行
2026-03-05 18:38:01 | ⚠️ CER 未下降，早停计数器: 3/10
2026-03-05 18:38:14 | Epoch 70 | 训练 Loss: 0.4361
2026-03-05 18:38:16 | Epoch 70 | 验证 Loss: 4.9439 | CER: 0.6910
2026-03-05 18:38:16 | 👀 抽查样本 -> 预测: □四物詣官廿三合兩給貧部皆日吉令右卒以常護四直令百行 | 真实: □長田林詣官廿三今兩候長到皆告令爲卒卧席薦四重令可行
2026-03-05 18:38:16 | ⚠️ CER 未下降，早停计数器: 4/10
2026-03-05 18:38:28 | Epoch 71 | 训练 Loss: 0.3224
2026-03-05 18:38:31 | Epoch 71 | 验证 Loss: 5.0805 | CER: 0.6844
2026-03-05 18:38:31 | 👀 抽查样本 -> 预测: □四䅭詣官廿三合兩觻兼社習吉令右卒以病護四直令百折 | 真实: □長田林詣官廿三今兩候長到皆告令爲卒卧席薦四重令可行
2026-03-05 18:38:31 | ⚠️ CER 未下降，早停计数器: 5/10
2026-03-05 18:38:43 | Epoch 72 | 训练 Loss: 0.2730
2026-03-05 18:38:45 | Epoch 72 | 验证 Loss: 5.1841 | CER: 0.6964
2026-03-05 18:38:45 | 👀 抽查样本 -> 预测: □四䅭詣官廿三合兩給寒林皆日右令右卒以病護四直令百行 | 真实: □長田林詣官廿三今兩候長到皆告令爲卒卧席薦四重令可行
2026-03-05 18:38:45 | ⚠️ CER 未下降，早停计数器: 6/10
2026-03-05 18:38:58 | Epoch 73 | 训练 Loss: 0.3905
2026-03-05 18:39:00 | Epoch 73 | 验证 Loss: 5.1020 | CER: 0.6868
2026-03-05 18:39:00 | 👀 抽查样本 -> 预测: 小四䅭詣官廿三合兩臈寒楊習奇令亦卒以病廬四直令百行 | 真实: □長田林詣官廿三今兩候長到皆告令爲卒卧席薦四重令可行
2026-03-05 18:39:00 | ⚠️ CER 未下降，早停计数器: 7/10
2026-03-05 18:39:12 | Epoch 74 | 训练 Loss: 0.4184
2026-03-05 18:39:15 | Epoch 74 | 验证 Loss: 5.2358 | CER: 0.6930
2026-03-05 18:39:15 | 👀 抽查样本 -> 预测: 錢四楊詣官廿三合兩給經楊皆六令爲卒以常護四塞令百行 | 真实: □長田林詣官廿三今兩候長到皆告令爲卒卧席薦四重令可行
2026-03-05 18:39:15 | ⚠️ CER 未下降，早停计数器: 8/10
2026-03-05 18:39:27 | Epoch 75 | 训练 Loss: 0.4709
2026-03-05 18:39:29 | Epoch 75 | 验证 Loss: 5.1278 | CER: 0.6845
2026-03-05 18:39:29 | 👀 抽查样本 -> 预测: □四相詣官廿三分兩給寒將皆吉令毋卒以南護四直令百行 | 真实: □長田林詣官廿三今兩候長到皆告令爲卒卧席薦四重令可行
2026-03-05 18:39:29 | ⚠️ CER 未下降，早停计数器: 9/10
2026-03-05 18:39:42 | Epoch 76 | 训练 Loss: 0.3721
2026-03-05 18:39:44 | Epoch 76 | 验证 Loss: 5.4310 | CER: 0.7301
2026-03-05 18:39:44 | 👀 抽查样本 -> 预测: □四償詣官廿三合兩借弩布習日吉令毋卒以席護四苣令百候 | 真实: □長田林詣官廿三今兩候長到皆告令爲卒卧席薦四重令可行
2026-03-05 18:39:44 | ⚠️ CER 未下降，早停计数器: 10/10
2026-03-05 18:39:57 | Epoch 77 | 训练 Loss: 0.4965
2026-03-05 18:39:59 | Epoch 77 | 验证 Loss: 5.2285 | CER: 0.6773
2026-03-05 18:39:59 | 👀 抽查样本 -> 预测: 六西相詣官廿三今兩給盜孫皆日吉令毋卒以病護四直令百候 | 真实: □長田林詣官廿三今兩候長到皆告令爲卒卧席薦四重令可行
2026-03-05 18:39:59 | 🌟 发现更优模型！CER 降至 0.6773，已保存至 weights/best_model.pth
2026-03-05 18:40:12 | Epoch 78 | 训练 Loss: 0.2551
2026-03-05 18:40:14 | Epoch 78 | 验证 Loss: 5.2637 | CER: 0.6791
2026-03-05 18:40:14 | 👀 抽查样本 -> 预测: 六四䅭詣官廿三合兩給兼新皆日吉月令毋卒以亭護四直令百行 | 真实: □長田林詣官廿三今兩候長到皆告令爲卒卧席薦四重令可行
2026-03-05 18:40:14 | ⚠️ CER 未下降，早停计数器: 1/10
2026-03-05 18:40:26 | Epoch 79 | 训练 Loss: 0.1955
2026-03-05 18:40:28 | Epoch 79 | 验证 Loss: 5.3623 | CER: 0.6812
2026-03-05 18:40:28 | 👀 抽查样本 -> 预测: 六四檄詣官廿三今兩給盜越皆日吉令右卒以病護四直令百折 | 真实: □長田林詣官廿三今兩候長到皆告令爲卒卧席薦四重令可行
2026-03-05 18:40:28 | ⚠️ CER 未下降，早停计数器: 2/10
2026-03-05 18:40:41 | Epoch 80 | 训练 Loss: 0.1929
2026-03-05 18:40:43 | Epoch 80 | 验证 Loss: 5.2994 | CER: 0.6811
2026-03-05 18:40:43 | 👀 抽查样本 -> 预测: 錢四䅭詣官廿三今兩鴻寒孫皆日吉令爲卒以病護四堂令百行 | 真实: □長田林詣官廿三今兩候長到皆告令爲卒卧席薦四重令可行
2026-03-05 18:40:43 | ⚠️ CER 未下降，早停计数器: 3/10
2026-03-05 18:40:56 | Epoch 81 | 训练 Loss: 0.1652
2026-03-05 18:40:58 | Epoch 81 | 验证 Loss: 5.4136 | CER: 0.6802
2026-03-05 18:40:58 | 👀 抽查样本 -> 预测: 小石䅭詣官七三今兩給莫孫皆吉令今卒以常護四堂令百行 | 真实: □長田林詣官廿三今兩候長到皆告令爲卒卧席薦四重令可行
2026-03-05 18:40:58 | ⚠️ CER 未下降，早停计数器: 4/10
2026-03-05 18:41:10 | Epoch 82 | 训练 Loss: 0.1846
2026-03-05 18:41:12 | Epoch 82 | 验证 Loss: 5.4642 | CER: 0.6792
2026-03-05 18:41:12 | 👀 抽查样本 -> 预测: 六石䅭詣官六三合兩給經孫皆吉令爲卒以病護四直令百社 | 真实: □長田林詣官廿三今兩候長到皆告令爲卒卧席薦四重令可行
2026-03-05 18:41:12 | ⚠️ CER 未下降，早停计数器: 5/10
2026-03-05 18:41:25 | Epoch 83 | 训练 Loss: 0.1418
2026-03-05 18:41:27 | Epoch 83 | 验证 Loss: 5.5434 | CER: 0.6790
2026-03-05 18:41:27 | 👀 抽查样本 -> 预测: 錢四䅭詣官廿三合兩給盜掾皆日吉令戍卒以亭護四堂令百叔 | 真实: □長田林詣官廿三今兩候長到皆告令爲卒卧席薦四重令可行
2026-03-05 18:41:27 | ⚠️ CER 未下降，早停计数器: 6/10
2026-03-05 18:41:40 | Epoch 84 | 训练 Loss: 0.1882
2026-03-05 18:41:42 | Epoch 84 | 验证 Loss: 5.4563 | CER: 0.6832
2026-03-05 18:41:42 | 👀 抽查样本 -> 预测: □四䅭詣官廿三合兩給盜社皆日吉令毋卒以南護四直令百行 | 真实: □長田林詣官廿三今兩候長到皆告令爲卒卧席薦四重令可行
2026-03-05 18:41:42 | ⚠️ CER 未下降，早停计数器: 7/10
2026-03-05 18:41:55 | Epoch 85 | 训练 Loss: 0.1733
2026-03-05 18:41:57 | Epoch 85 | 验证 Loss: 5.5830 | CER: 0.6881
2026-03-05 18:41:57 | 👀 抽查样本 -> 预测: 入日將詣官廿二合兩給弩城皆日吉令戍卒以病護四直令百折 | 真实: □長田林詣官廿三今兩候長到皆告令爲卒卧席薦四重令可行
2026-03-05 18:41:57 | ⚠️ CER 未下降，早停计数器: 8/10
2026-03-05 18:42:10 | Epoch 86 | 训练 Loss: 0.1864
2026-03-05 18:42:12 | Epoch 86 | 验证 Loss: 5.6426 | CER: 0.6854
2026-03-05 18:42:12 | 👀 抽查样本 -> 预测: 六日將詣官十三合兩給莫孫皆日赤令女卒以席廬四直令百行 | 真实: □長田林詣官廿三今兩候長到皆告令爲卒卧席薦四重令可行
2026-03-05 18:42:12 | ⚠️ CER 未下降，早停计数器: 9/10
2026-03-05 18:42:25 | Epoch 87 | 训练 Loss: 0.1202
2026-03-05 18:42:27 | Epoch 87 | 验证 Loss: 5.6100 | CER: 0.6744
2026-03-05 18:42:27 | 👀 抽查样本 -> 预测: □石楊詣官十三今兩給黃孫皆方令戍卒以病護四直令皆折 | 真实: □長田林詣官廿三今兩候長到皆告令爲卒卧席薦四重令可行
2026-03-05 18:42:27 | 🌟 发现更优模型！CER 降至 0.6744，已保存至 weights/best_model.pth
2026-03-05 18:42:40 | Epoch 88 | 训练 Loss: 0.1473
2026-03-05 18:42:42 | Epoch 88 | 验证 Loss: 5.6115 | CER: 0.6934
2026-03-05 18:42:42 | 👀 抽查样本 -> 预测: 入日□詣官少二今兩給氣孫皆日吉令戍卒以常護四直令百折 | 真实: □長田林詣官廿三今兩候長到皆告令爲卒卧席薦四重令可行
2026-03-05 18:42:42 | ⚠️ CER 未下降，早停计数器: 1/10
2026-03-05 18:42:55 | Epoch 89 | 训练 Loss: 0.2040
2026-03-05 18:42:57 | Epoch 89 | 验证 Loss: 5.7228 | CER: 0.6848
2026-03-05 18:42:57 | 👀 抽查样本 -> 预测: 又日檄詣官廿三今兩給發叔皆日廿令右卒以亭護四直令皆行 | 真实: □長田林詣官廿三今兩候長到皆告令爲卒卧席薦四重令可行
2026-03-05 18:42:57 | ⚠️ CER 未下降，早停计数器: 2/10
2026-03-05 18:43:09 | Epoch 90 | 训练 Loss: 0.1887
2026-03-05 18:43:11 | Epoch 90 | 验证 Loss: 5.6750 | CER: 0.6850
2026-03-05 18:43:11 | 👀 抽查样本 -> 预测: 錢日楊詣官少三合兩給寒叔皆吉令右卒以備護四堂令留行 | 真实: □長田林詣官廿三今兩候長到皆告令爲卒卧席薦四重令可行
2026-03-05 18:43:11 | ⚠️ CER 未下降，早停计数器: 3/10
2026-03-05 18:43:24 | Epoch 91 | 训练 Loss: 0.1308
2026-03-05 18:43:26 | Epoch 91 | 验证 Loss: 5.7138 | CER: 0.6812
2026-03-05 18:43:26 | 👀 抽查样本 -> 预测: □日將詣官少三合酉給莫孫皆日吉令毋卒以病護四直令百行 | 真实: □長田林詣官廿三今兩候長到皆告令爲卒卧席薦四重令可行
2026-03-05 18:43:26 | ⚠️ CER 未下降，早停计数器: 4/10
2026-03-05 18:43:39 | Epoch 92 | 训练 Loss: 0.1130
2026-03-05 18:43:41 | Epoch 92 | 验证 Loss: 5.7885 | CER: 0.6842
2026-03-05 18:43:41 | 👀 抽查样本 -> 预测: □四相詣官少三合兩給茭孫皆日吉令毋卒以病護四直令百折 | 真实: □長田林詣官廿三今兩候長到皆告令爲卒卧席薦四重令可行
2026-03-05 18:43:41 | ⚠️ CER 未下降，早停计数器: 5/10
2026-03-05 18:43:54 | Epoch 93 | 训练 Loss: 0.0893
2026-03-05 18:43:56 | Epoch 93 | 验证 Loss: 5.8595 | CER: 0.6803
2026-03-05 18:43:56 | 👀 抽查样本 -> 预测: □四物詣官少三今府給寒孫皆日吉令右卒以病護四重令百折 | 真实: □長田林詣官廿三今兩候長到皆告令爲卒卧席薦四重令可行
2026-03-05 18:43:56 | ⚠️ CER 未下降，早停计数器: 6/10
2026-03-05 18:44:08 | Epoch 94 | 训练 Loss: 0.0826
2026-03-05 18:44:10 | Epoch 94 | 验证 Loss: 5.8401 | CER: 0.6723
2026-03-05 18:44:10 | 👀 抽查样本 -> 预测: □四相詣官又三合兩給道孫皆吉令毋卒以病護四逢令百折 | 真实: □長田林詣官廿三今兩候長到皆告令爲卒卧席薦四重令可行
2026-03-05 18:44:11 | 🌟 发现更优模型！CER 降至 0.6723，已保存至 weights/best_model.pth
2026-03-05 18:44:23 | Epoch 95 | 训练 Loss: 0.0596
2026-03-05 18:44:25 | Epoch 95 | 验证 Loss: 5.9063 | CER: 0.6807
2026-03-05 18:44:25 | 👀 抽查样本 -> 预测: 食西折詣官又三今兩給道材皆吉令右卒以病護四直令百折 | 真实: □長田林詣官廿三今兩候長到皆告令爲卒卧席薦四重令可行
2026-03-05 18:44:25 | ⚠️ CER 未下降，早停计数器: 1/10
2026-03-05 18:44:38 | Epoch 96 | 训练 Loss: 0.1231
2026-03-05 18:44:40 | Epoch 96 | 验证 Loss: 5.9562 | CER: 0.6948
2026-03-05 18:44:40 | 👀 抽查样本 -> 预测: 凡四折詣官令三合兩給寒材四日吉令右卒父病護四金令百行 | 真实: □長田林詣官廿三今兩候長到皆告令爲卒卧席薦四重令可行
2026-03-05 18:44:40 | ⚠️ CER 未下降，早停计数器: 2/10
2026-03-05 18:44:53 | Epoch 97 | 训练 Loss: 0.1085
2026-03-05 18:44:55 | Epoch 97 | 验证 Loss: 6.0218 | CER: 0.6804
2026-03-05 18:44:55 | 👀 抽查样本 -> 预测: □日折詣官又三今酉給茭材皆日吉令右卒以病護四直令百行 | 真实: □長田林詣官廿三今兩候長到皆告令爲卒卧席薦四重令可行
2026-03-05 18:44:55 | ⚠️ CER 未下降，早停计数器: 3/10
2026-03-05 18:45:07 | Epoch 98 | 训练 Loss: 0.0723
2026-03-05 18:45:10 | Epoch 98 | 验证 Loss: 5.9798 | CER: 0.6833
2026-03-05 18:45:10 | 👀 抽查样本 -> 预测: 六日折詣官又三合酉掾妻孫皆日吉令戍卒以病護四直令百行 | 真实: □長田林詣官廿三今兩候長到皆告令爲卒卧席薦四重令可行
2026-03-05 18:45:10 | ⚠️ CER 未下降，早停计数器: 4/10
2026-03-05 18:45:22 | Epoch 99 | 训练 Loss: 0.0635
2026-03-05 18:45:24 | Epoch 99 | 验证 Loss: 6.1120 | CER: 0.6793
2026-03-05 18:45:24 | 👀 抽查样本 -> 预测: 又田折詣官又三合兩掾其孫皆吉令戍卒以病護四直令百折 | 真实: □長田林詣官廿三今兩候長到皆告令爲卒卧席薦四重令可行
2026-03-05 18:45:24 | ⚠️ CER 未下降，早停计数器: 5/10
2026-03-05 18:45:37 | Epoch 100 | 训练 Loss: 0.0783
2026-03-05 18:45:39 | Epoch 100 | 验证 Loss: 6.0432 | CER: 0.6773
2026-03-05 18:45:39 | 👀 抽查样本 -> 预测: □四䅭詣官廿三合兩掾兼孫皆日吉令爲卒以備護四金令百行 | 真实: □長田林詣官廿三今兩候長到皆告令爲卒卧席薦四重令可行
2026-03-05 18:45:39 | ⚠️ CER 未下降，早停计数器: 6/10
2026-03-05 18:45:39 | 🎉 训练任务全部完成！历史最佳验证集 CER 为: 0.6723




=================================================================================================================================================
数据增强后：
2026-03-13 17:49:03 | 🚀 开始训练: DeepJiandu_CRNN_Baseline
2026-03-13 17:49:03 | 💻 使用设备: cuda
2026-03-13 17:49:03 | 📦 正在加载数据集...
2026-03-13 17:52:00 | Epoch 1 | 训练 Loss: 11.9546
2026-03-13 17:52:09 | Epoch 1 | 验证 Loss: 6.6917 | CER: 1.0000
2026-03-13 17:52:09 | 👀 抽查样本 -> 预测:  | 真实: □長田林詣官廿三今兩候長到皆告令爲卒卧席薦四重令可行
2026-03-13 17:52:09 | 🌟 发现更优模型！CER 降至 1.0000，已保存至 weights/best_model.pth
2026-03-13 17:52:49 | Epoch 2 | 训练 Loss: 6.6196
2026-03-13 17:52:51 | Epoch 2 | 验证 Loss: 6.7049 | CER: 1.0000
2026-03-13 17:52:51 | 👀 抽查样本 -> 预测:  | 真实: □長田林詣官廿三今兩候長到皆告令爲卒卧席薦四重令可行
2026-03-13 17:52:51 | ⚠️ CER 未下降，早停计数器: 1/10
2026-03-13 17:53:34 | Epoch 3 | 训练 Loss: 6.6145
2026-03-13 17:53:36 | Epoch 3 | 验证 Loss: 6.6821 | CER: 1.0000
2026-03-13 17:53:36 | 👀 抽查样本 -> 预测:  | 真实: □長田林詣官廿三今兩候長到皆告令爲卒卧席薦四重令可行
2026-03-13 17:53:36 | ⚠️ CER 未下降，早停计数器: 2/10
2026-03-13 17:54:17 | Epoch 4 | 训练 Loss: 6.5700
2026-03-13 17:54:20 | Epoch 4 | 验证 Loss: 6.6315 | CER: 1.0000
2026-03-13 17:54:20 | 👀 抽查样本 -> 预测:  | 真实: □長田林詣官廿三今兩候長到皆告令爲卒卧席薦四重令可行
2026-03-13 17:54:20 | ⚠️ CER 未下降，早停计数器: 3/10
2026-03-13 17:55:04 | Epoch 5 | 训练 Loss: 6.4734
2026-03-13 17:55:06 | Epoch 5 | 验证 Loss: 6.4986 | CER: 1.0000
2026-03-13 17:55:06 | 👀 抽查样本 -> 预测:  | 真实: □長田林詣官廿三今兩候長到皆告令爲卒卧席薦四重令可行
2026-03-13 17:55:06 | ⚠️ CER 未下降，早停计数器: 4/10
2026-03-13 17:55:36 | Epoch 6 | 训练 Loss: 6.3891
2026-03-13 17:55:38 | Epoch 6 | 验证 Loss: 6.4457 | CER: 1.0000
2026-03-13 17:55:38 | 👀 抽查样本 -> 预测:  | 真实: □長田林詣官廿三今兩候長到皆告令爲卒卧席薦四重令可行
2026-03-13 17:55:38 | ⚠️ CER 未下降，早停计数器: 5/10
2026-03-13 17:56:11 | Epoch 7 | 训练 Loss: 6.3591
2026-03-13 17:56:13 | Epoch 7 | 验证 Loss: 6.4373 | CER: 1.0000
2026-03-13 17:56:13 | 👀 抽查样本 -> 预测:  | 真实: □長田林詣官廿三今兩候長到皆告令爲卒卧席薦四重令可行
2026-03-13 17:56:13 | ⚠️ CER 未下降，早停计数器: 6/10
2026-03-13 17:56:49 | Epoch 8 | 训练 Loss: 6.3390
2026-03-13 17:56:51 | Epoch 8 | 验证 Loss: 6.4395 | CER: 1.0000
2026-03-13 17:56:51 | 👀 抽查样本 -> 预测:  | 真实: □長田林詣官廿三今兩候長到皆告令爲卒卧席薦四重令可行
2026-03-13 17:56:51 | ⚠️ CER 未下降，早停计数器: 7/10
2026-03-13 17:57:22 | Epoch 9 | 训练 Loss: 6.3214
2026-03-13 17:57:24 | Epoch 9 | 验证 Loss: 6.4039 | CER: 1.0000
2026-03-13 17:57:24 | 👀 抽查样本 -> 预测:  | 真实: □長田林詣官廿三今兩候長到皆告令爲卒卧席薦四重令可行
2026-03-13 17:57:24 | ⚠️ CER 未下降，早停计数器: 8/10
2026-03-13 17:57:55 | Epoch 10 | 训练 Loss: 6.2968
2026-03-13 17:57:57 | Epoch 10 | 验证 Loss: 6.3647 | CER: 1.0000
2026-03-13 17:57:57 | 👀 抽查样本 -> 预测:  | 真实: □長田林詣官廿三今兩候長到皆告令爲卒卧席薦四重令可行
2026-03-13 17:57:57 | ⚠️ CER 未下降，早停计数器: 9/10
2026-03-13 17:58:30 | Epoch 11 | 训练 Loss: 6.2615
2026-03-13 17:58:32 | Epoch 11 | 验证 Loss: 6.3441 | CER: 1.0000
2026-03-13 17:58:32 | 👀 抽查样本 -> 预测:  | 真实: □長田林詣官廿三今兩候長到皆告令爲卒卧席薦四重令可行
2026-03-13 17:58:32 | ⚠️ CER 未下降，早停计数器: 10/10
2026-03-13 17:59:10 | Epoch 12 | 训练 Loss: 6.2345
2026-03-13 17:59:12 | Epoch 12 | 验证 Loss: 6.3060 | CER: 1.0000
2026-03-13 17:59:12 | 👀 抽查样本 -> 预测:  | 真实: □長田林詣官廿三今兩候長到皆告令爲卒卧席薦四重令可行
2026-03-13 17:59:12 | ⚠️ CER 未下降，早停计数器: 11/10
2026-03-13 17:59:44 | Epoch 13 | 训练 Loss: 6.2110
2026-03-13 17:59:46 | Epoch 13 | 验证 Loss: 6.3313 | CER: 1.0000
2026-03-13 17:59:46 | 👀 抽查样本 -> 预测:  | 真实: □長田林詣官廿三今兩候長到皆告令爲卒卧席薦四重令可行
2026-03-13 17:59:46 | ⚠️ CER 未下降，早停计数器: 12/10
2026-03-13 18:00:17 | Epoch 14 | 训练 Loss: 6.1997
2026-03-13 18:00:19 | Epoch 14 | 验证 Loss: 6.2583 | CER: 1.0000
2026-03-13 18:00:19 | 👀 抽查样本 -> 预测:  | 真实: □長田林詣官廿三今兩候長到皆告令爲卒卧席薦四重令可行
2026-03-13 18:00:19 | ⚠️ CER 未下降，早停计数器: 13/10
2026-03-13 18:01:00 | Epoch 15 | 训练 Loss: 6.1699
2026-03-13 18:01:02 | Epoch 15 | 验证 Loss: 6.5288 | CER: 1.0000
2026-03-13 18:01:02 | 👀 抽查样本 -> 预测:  | 真实: □長田林詣官廿三今兩候長到皆告令爲卒卧席薦四重令可行
2026-03-13 18:01:02 | ⚠️ CER 未下降，早停计数器: 14/10
2026-03-13 18:01:46 | Epoch 16 | 训练 Loss: 6.1487
2026-03-13 18:01:48 | Epoch 16 | 验证 Loss: 6.2660 | CER: 1.0000
2026-03-13 18:01:48 | 👀 抽查样本 -> 预测:  | 真实: □長田林詣官廿三今兩候長到皆告令爲卒卧席薦四重令可行
2026-03-13 18:01:48 | ⚠️ CER 未下降，早停计数器: 15/10
2026-03-13 18:02:25 | Epoch 17 | 训练 Loss: 6.1303
2026-03-13 18:02:27 | Epoch 17 | 验证 Loss: 6.3344 | CER: 1.0000
2026-03-13 18:02:27 | 👀 抽查样本 -> 预测:  | 真实: □長田林詣官廿三今兩候長到皆告令爲卒卧席薦四重令可行
2026-03-13 18:02:27 | ⚠️ CER 未下降，早停计数器: 16/10
2026-03-13 18:03:00 | Epoch 18 | 训练 Loss: 6.1068
2026-03-13 18:03:03 | Epoch 18 | 验证 Loss: 6.1876 | CER: 1.0000
2026-03-13 18:03:03 | 👀 抽查样本 -> 预测:  | 真实: □長田林詣官廿三今兩候長到皆告令爲卒卧席薦四重令可行
2026-03-13 18:03:03 | ⚠️ CER 未下降，早停计数器: 17/10
2026-03-13 18:03:39 | Epoch 19 | 训练 Loss: 6.0850
2026-03-13 18:03:41 | Epoch 19 | 验证 Loss: 6.2323 | CER: 0.9861
2026-03-13 18:03:41 | 👀 抽查样本 -> 预测:  | 真实: □長田林詣官廿三今兩候長到皆告令爲卒卧席薦四重令可行
2026-03-13 18:03:41 | 🌟 发现更优模型！CER 降至 0.9861，已保存至 weights/best_model.pth
2026-03-13 18:04:13 | Epoch 20 | 训练 Loss: 6.0627
2026-03-13 18:04:15 | Epoch 20 | 验证 Loss: 6.1759 | CER: 0.9926
2026-03-13 18:04:15 | 👀 抽查样本 -> 预测:  | 真实: □長田林詣官廿三今兩候長到皆告令爲卒卧席薦四重令可行
2026-03-13 18:04:15 | ⚠️ CER 未下降，早停计数器: 1/10
2026-03-13 18:04:45 | Epoch 21 | 训练 Loss: 6.0357
2026-03-13 18:04:47 | Epoch 21 | 验证 Loss: 6.1482 | CER: 0.9844
2026-03-13 18:04:47 | 👀 抽查样本 -> 预测:  | 真实: □長田林詣官廿三今兩候長到皆告令爲卒卧席薦四重令可行
2026-03-13 18:04:47 | 🌟 发现更优模型！CER 降至 0.9844，已保存至 weights/best_model.pth
2026-03-13 18:05:18 | Epoch 22 | 训练 Loss: 6.0097
2026-03-13 18:05:20 | Epoch 22 | 验证 Loss: 6.1171 | CER: 0.9748
2026-03-13 18:05:20 | 👀 抽查样本 -> 预测: □ | 真实: □長田林詣官廿三今兩候長到皆告令爲卒卧席薦四重令可行
2026-03-13 18:05:20 | 🌟 发现更优模型！CER 降至 0.9748，已保存至 weights/best_model.pth
2026-03-13 18:05:51 | Epoch 23 | 训练 Loss: 5.9819
2026-03-13 18:05:53 | Epoch 23 | 验证 Loss: 6.1239 | CER: 0.9762
2026-03-13 18:05:53 | 👀 抽查样本 -> 预测: □ | 真实: □長田林詣官廿三今兩候長到皆告令爲卒卧席薦四重令可行
2026-03-13 18:05:53 | ⚠️ CER 未下降，早停计数器: 1/10
2026-03-13 18:06:25 | Epoch 24 | 训练 Loss: 5.9578
2026-03-13 18:06:27 | Epoch 24 | 验证 Loss: 6.0648 | CER: 0.9702
2026-03-13 18:06:27 | 👀 抽查样本 -> 预测: □ | 真实: □長田林詣官廿三今兩候長到皆告令爲卒卧席薦四重令可行
2026-03-13 18:06:27 | 🌟 发现更优模型！CER 降至 0.9702，已保存至 weights/best_model.pth
2026-03-13 18:06:58 | Epoch 25 | 训练 Loss: 5.9009
2026-03-13 18:07:00 | Epoch 25 | 验证 Loss: 6.0329 | CER: 0.9730
2026-03-13 18:07:00 | 👀 抽查样本 -> 预测: □ | 真实: □長田林詣官廿三今兩候長到皆告令爲卒卧席薦四重令可行
2026-03-13 18:07:00 | ⚠️ CER 未下降，早停计数器: 1/10
2026-03-13 18:07:32 | Epoch 26 | 训练 Loss: 5.8411
2026-03-13 18:07:34 | Epoch 26 | 验证 Loss: 6.0171 | CER: 0.9687
2026-03-13 18:07:34 | 👀 抽查样本 -> 预测: □ | 真实: □長田林詣官廿三今兩候長到皆告令爲卒卧席薦四重令可行
2026-03-13 18:07:34 | 🌟 发现更优模型！CER 降至 0.9687，已保存至 weights/best_model.pth
2026-03-13 18:08:08 | Epoch 27 | 训练 Loss: 5.7583
2026-03-13 18:08:10 | Epoch 27 | 验证 Loss: 5.9939 | CER: 0.9644
2026-03-13 18:08:10 | 👀 抽查样本 -> 预测: □ | 真实: □長田林詣官廿三今兩候長到皆告令爲卒卧席薦四重令可行
2026-03-13 18:08:10 | 🌟 发现更优模型！CER 降至 0.9644，已保存至 weights/best_model.pth
2026-03-13 18:08:44 | Epoch 28 | 训练 Loss: 5.6664
2026-03-13 18:08:46 | Epoch 28 | 验证 Loss: 6.0055 | CER: 0.9616
2026-03-13 18:08:46 | 👀 抽查样本 -> 预测: □ | 真实: □長田林詣官廿三今兩候長到皆告令爲卒卧席薦四重令可行
2026-03-13 18:08:46 | 🌟 发现更优模型！CER 降至 0.9616，已保存至 weights/best_model.pth
2026-03-13 18:09:19 | Epoch 29 | 训练 Loss: 5.5420
2026-03-13 18:09:21 | Epoch 29 | 验证 Loss: 5.7213 | CER: 0.9349
2026-03-13 18:09:21 | 👀 抽查样本 -> 预测: □月月三候長長 | 真实: □長田林詣官廿三今兩候長到皆告令爲卒卧席薦四重令可行
2026-03-13 18:09:21 | 🌟 发现更优模型！CER 降至 0.9349，已保存至 weights/best_model.pth
2026-03-13 18:09:53 | Epoch 30 | 训练 Loss: 5.4142
2026-03-13 18:09:55 | Epoch 30 | 验证 Loss: 5.6134 | CER: 0.9151
2026-03-13 18:09:55 | 👀 抽查样本 -> 预测: □月候候敢言三月月敢隧長卒不卒候候不卒行不候 | 真实: □長田林詣官廿三今兩候長到皆告令爲卒卧席薦四重令可行
2026-03-13 18:09:55 | 🌟 发现更优模型！CER 降至 0.9151，已保存至 weights/best_model.pth
2026-03-13 18:10:27 | Epoch 31 | 训练 Loss: 5.2543
2026-03-13 18:10:29 | Epoch 31 | 验证 Loss: 5.4628 | CER: 0.9005
2026-03-13 18:10:29 | 👀 抽查样本 -> 预测: □候敢言三月□□長□□卒月不長候候□第□□候 | 真实: □長田林詣官廿三今兩候長到皆告令爲卒卧席薦四重令可行
2026-03-13 18:10:29 | 🌟 发现更优模型！CER 降至 0.9005，已保存至 weights/best_model.pth
2026-03-13 18:11:01 | Epoch 32 | 训练 Loss: 5.0849
2026-03-13 18:11:04 | Epoch 32 | 验证 Loss: 5.2952 | CER: 0.8821
2026-03-13 18:11:04 | 👀 抽查样本 -> 预测: □月隧敢言二月月候長第四卒月五卒月候候四年月月隧 | 真实: □長田林詣官廿三今兩候長到皆告令爲卒卧席薦四重令可行
2026-03-13 18:11:04 | 🌟 发现更优模型！CER 降至 0.8821，已保存至 weights/best_model.pth
2026-03-13 18:11:36 | Epoch 33 | 训练 Loss: 4.9850
2026-03-13 18:11:39 | Epoch 33 | 验证 Loss: 5.3369 | CER: 0.8791
2026-03-13 18:11:39 | 👀 抽查样本 -> 预测: □月隧四言二日月□甲食五月五卒月食粟月年月日取 | 真实: □長田林詣官廿三今兩候長到皆告令爲卒卧席薦四重令可行
2026-03-13 18:11:39 | 🌟 发现更优模型！CER 降至 0.8791，已保存至 weights/best_model.pth
2026-03-13 18:12:09 | Epoch 34 | 训练 Loss: 4.8506
2026-03-13 18:12:12 | Epoch 34 | 验证 Loss: 5.1258 | CER: 0.8613
2026-03-13 18:12:12 | 👀 抽查样本 -> 预测: □月隧官令二日□候長食四五月不卒張候月來自月取 | 真实: □長田林詣官廿三今兩候長到皆告令爲卒卧席薦四重令可行
2026-03-13 18:12:12 | 🌟 发现更优模型！CER 降至 0.8613，已保存至 weights/best_model.pth
2026-03-13 18:12:43 | Epoch 35 | 训练 Loss: 4.7020
2026-03-13 18:12:46 | Epoch 35 | 验证 Loss: 5.0795 | CER: 0.8617
2026-03-13 18:12:46 | 👀 抽查样本 -> 预测: □月隧□官言之罪候長移如史以不未頭候叩書自所候 | 真实: □長田林詣官廿三今兩候長到皆告令爲卒卧席薦四重令可行
2026-03-13 18:12:46 | ⚠️ CER 未下降，早停计数器: 1/10
2026-03-13 18:13:19 | Epoch 36 | 训练 Loss: 4.5657
2026-03-13 18:13:21 | Epoch 36 | 验证 Loss: 5.1018 | CER: 0.8583
2026-03-13 18:13:21 | 👀 抽查样本 -> 预测: □月隧移食言三之府移毋五百不卒萬粟日卒不百取 | 真实: □長田林詣官廿三今兩候長到皆告令爲卒卧席薦四重令可行
2026-03-13 18:13:21 | 🌟 发现更优模型！CER 降至 0.8583，已保存至 weights/best_model.pth
2026-03-13 18:13:53 | Epoch 37 | 训练 Loss: 4.4679
2026-03-13 18:13:55 | Epoch 37 | 验证 Loss: 4.8472 | CER: 0.8324
2026-03-13 18:13:55 | 👀 抽查样本 -> 预测: □月隧□官三百所候長五百不卒掾粟日盡百日隧 | 真实: □長田林詣官廿三今兩候長到皆告令爲卒卧席薦四重令可行
2026-03-13 18:13:55 | 🌟 发现更优模型！CER 降至 0.8324，已保存至 weights/best_model.pth
2026-03-13 18:14:27 | Epoch 38 | 训练 Loss: 4.2887
2026-03-13 18:14:30 | Epoch 38 | 验证 Loss: 4.7662 | CER: 0.8208
2026-03-13 18:14:30 | 👀 抽查样本 -> 预测: □月□□官廿二之所移長四五百之卒以第第月盡百日除 | 真实: □長田林詣官廿三今兩候長到皆告令爲卒卧席薦四重令可行
2026-03-13 18:14:30 | 🌟 发现更优模型！CER 降至 0.8208，已保存至 weights/best_model.pth
2026-03-13 18:15:03 | Epoch 39 | 训练 Loss: 4.1377
2026-03-13 18:15:05 | Epoch 39 | 验证 Loss: 4.6570 | CER: 0.8049
2026-03-13 18:15:05 | 👀 抽查样本 -> 预测: □四都時官廿三食所候長□官言百毋事以當盜四吏百不解 | 真实: □長田林詣官廿三今兩候長到皆告令爲卒卧席薦四重令可行
2026-03-13 18:15:05 | 🌟 发现更优模型！CER 降至 0.8049，已保存至 weights/best_model.pth
2026-03-13 18:15:37 | Epoch 40 | 训练 Loss: 3.9669
2026-03-13 18:15:39 | Epoch 40 | 验证 Loss: 4.7145 | CER: 0.8100
2026-03-13 18:15:39 | 👀 抽查样本 -> 预测: □南部部言廿三百所候遣積官去令不卒以萬舉官里不不簿 | 真实: □長田林詣官廿三今兩候長到皆告令爲卒卧席薦四重令可行
2026-03-13 18:15:39 | ⚠️ CER 未下降，早停计数器: 1/10
2026-03-13 18:16:12 | Epoch 41 | 训练 Loss: 3.8302
2026-03-13 18:16:14 | Epoch 41 | 验证 Loss: 4.4407 | CER: 0.7842
2026-03-13 18:16:14 | 👀 抽查样本 -> 预测: □月時□官廿三百所給朢謂尉言令不卒以馬舉四里百不律 | 真实: □長田林詣官廿三今兩候長到皆告令爲卒卧席薦四重令可行
2026-03-13 18:16:14 | 🌟 发现更优模型！CER 降至 0.7842，已保存至 weights/best_model.pth
2026-03-13 18:16:47 | Epoch 42 | 训练 Loss: 3.6907
2026-03-13 18:16:49 | Epoch 42 | 验证 Loss: 4.4906 | CER: 0.7822
2026-03-13 18:16:49 | 👀 抽查样本 -> 预测: □四部叩官卅二百所候道部尉去令有事以馬舉曰里百可所 | 真实: □長田林詣官廿三今兩候長到皆告令爲卒卧席薦四重令可行
2026-03-13 18:16:49 | 🌟 发现更优模型！CER 降至 0.7822，已保存至 weights/best_model.pth
2026-03-13 18:17:29 | Epoch 43 | 训练 Loss: 3.5393
2026-03-13 18:17:31 | Epoch 43 | 验证 Loss: 4.3963 | CER: 0.7678
2026-03-13 18:17:31 | 👀 抽查样本 -> 预测: □四狀陽官卅二百所候朢部尉去爲令事以府掾曰里守可解 | 真实: □長田林詣官廿三今兩候長到皆告令爲卒卧席薦四重令可行
2026-03-13 18:17:32 | 🌟 发现更优模型！CER 降至 0.7678，已保存至 weights/best_model.pth
2026-03-13 18:18:21 | Epoch 44 | 训练 Loss: 3.4136
2026-03-13 18:18:23 | Epoch 44 | 验证 Loss: 4.4413 | CER: 0.7717
2026-03-13 18:18:23 | 👀 抽查样本 -> 预测: 建日部得官廿二百石給書行四九六六卒以萬錢日直百酉行 | 真实: □長田林詣官廿三今兩候長到皆告令爲卒卧席薦四重令可行
2026-03-13 18:18:23 | ⚠️ CER 未下降，早停计数器: 1/10
2026-03-13 18:19:08 | Epoch 45 | 训练 Loss: 3.2758
2026-03-13 18:19:10 | Epoch 45 | 验证 Loss: 4.2432 | CER: 0.7510
2026-03-13 18:19:10 | 👀 抽查样本 -> 预测: □日積得官廿三百所給道行尉去令六卒以萬穀田至百酉橅 | 真实: □長田林詣官廿三今兩候長到皆告令爲卒卧席薦四重令可行
2026-03-13 18:19:10 | 🌟 发现更优模型！CER 降至 0.7510，已保存至 weights/best_model.pth
2026-03-13 18:20:27 | Epoch 46 | 训练 Loss: 3.1224
2026-03-13 18:20:29 | Epoch 46 | 验证 Loss: 4.1840 | CER: 0.7329
2026-03-13 18:20:29 | 👀 抽查样本 -> 预测: □四城陽官廿三百所給道部皆去令方卒以病穀田至事可休 | 真实: □長田林詣官廿三今兩候長到皆告令爲卒卧席薦四重令可行
2026-03-13 18:20:29 | 🌟 发现更优模型！CER 降至 0.7329，已保存至 weights/best_model.pth
2026-03-13 18:21:19 | Epoch 47 | 训练 Loss: 3.0068
2026-03-13 18:21:21 | Epoch 47 | 验证 Loss: 4.1598 | CER: 0.7318
2026-03-13 18:21:21 | 👀 抽查样本 -> 预测: 建四檄騎官廿三百所給道部四月去令六卒以病歲自至令可橅 | 真实: □長田林詣官廿三今兩候長到皆告令爲卒卧席薦四重令可行
2026-03-13 18:21:21 | 🌟 发现更优模型！CER 降至 0.7318，已保存至 weights/best_model.pth
2026-03-13 18:22:00 | Epoch 48 | 训练 Loss: 2.8885
2026-03-13 18:22:02 | Epoch 48 | 验证 Loss: 4.1802 | CER: 0.7281
2026-03-13 18:22:02 | 👀 抽查样本 -> 预测: □四都陽官廿三百所給起部四月去令九事以病錢四至令可拜 | 真实: □長田林詣官廿三今兩候長到皆告令爲卒卧席薦四重令可行
2026-03-13 18:22:03 | 🌟 发现更优模型！CER 降至 0.7281，已保存至 weights/best_model.pth
2026-03-13 18:22:34 | Epoch 49 | 训练 Loss: 2.8076
2026-03-13 18:22:36 | Epoch 49 | 验证 Loss: 4.1414 | CER: 0.7237
2026-03-13 18:22:36 | 👀 抽查样本 -> 预测: □田都陽官廿三百所給起休尉月去令方卒以病擊田重令可拜 | 真实: □長田林詣官廿三今兩候長到皆告令爲卒卧席薦四重令可行
2026-03-13 18:22:36 | 🌟 发现更优模型！CER 降至 0.7237，已保存至 weights/best_model.pth
2026-03-13 18:23:22 | Epoch 50 | 训练 Loss: 2.6755
2026-03-13 18:23:24 | Epoch 50 | 验证 Loss: 4.1451 | CER: 0.7202
2026-03-13 18:23:24 | 👀 抽查样本 -> 预测: □四校陽官廿三百病給朢行皆者令有卒以病農自重事田拜 | 真实: □長田林詣官廿三今兩候長到皆告令爲卒卧席薦四重令可行
2026-03-13 18:23:24 | 🌟 发现更优模型！CER 降至 0.7202，已保存至 weights/best_model.pth
2026-03-13 18:24:06 | Epoch 51 | 训练 Loss: 2.5828
2026-03-13 18:24:08 | Epoch 51 | 验证 Loss: 4.0347 | CER: 0.7035
2026-03-13 18:24:08 | 👀 抽查样本 -> 预测: □四都陽官廿三百所給起休尉去令爲事以病禁田至令可行 | 真实: □長田林詣官廿三今兩候長到皆告令爲卒卧席薦四重令可行
2026-03-13 18:24:08 | 🌟 发现更优模型！CER 降至 0.7035，已保存至 weights/best_model.pth
2026-03-13 18:24:48 | Epoch 52 | 训练 Loss: 2.4764
2026-03-13 18:24:51 | Epoch 52 | 验证 Loss: 4.0796 | CER: 0.7077
2026-03-13 18:24:51 | 👀 抽查样本 -> 预测: □四檄解官廿三百取驗道休皆去令爲事以病發自重令酉溝 | 真实: □長田林詣官廿三今兩候長到皆告令爲卒卧席薦四重令可行
2026-03-13 18:24:51 | ⚠️ CER 未下降，早停计数器: 1/10
2026-03-13 18:25:32 | Epoch 53 | 训练 Loss: 2.3891
2026-03-13 18:25:34 | Epoch 53 | 验证 Loss: 4.0650 | CER: 0.7012
2026-03-13 18:25:34 | 👀 抽查样本 -> 预测: □白都陽官到三合府給書部官告令令事代病萬自重令酉行 | 真实: □長田林詣官廿三今兩候長到皆告令爲卒卧席薦四重令可行
2026-03-13 18:25:34 | 🌟 发现更优模型！CER 降至 0.7012，已保存至 weights/best_model.pth
2026-03-13 18:26:16 | Epoch 54 | 训练 Loss: 2.2867
2026-03-13 18:26:18 | Epoch 54 | 验证 Loss: 4.0616 | CER: 0.6964
2026-03-13 18:26:18 | 👀 抽查样本 -> 预测: □四都解官廿三合所給道部皆告令方事代病穀田重令可拜 | 真实: □長田林詣官廿三今兩候長到皆告令爲卒卧席薦四重令可行
2026-03-13 18:26:19 | 🌟 发现更优模型！CER 降至 0.6964，已保存至 weights/best_model.pth
2026-03-13 18:26:57 | Epoch 55 | 训练 Loss: 2.2128
2026-03-13 18:27:00 | Epoch 55 | 验证 Loss: 4.0738 | CER: 0.6974
2026-03-13 18:27:00 | 👀 抽查样本 -> 预测: □四都解官卅三合所驗朢許皆去令毋事以病萬四至令西拜 | 真实: □長田林詣官廿三今兩候長到皆告令爲卒卧席薦四重令可行
2026-03-13 18:27:00 | ⚠️ CER 未下降，早停计数器: 1/10
2026-03-13 18:27:40 | Epoch 56 | 训练 Loss: 2.1489
2026-03-13 18:27:42 | Epoch 56 | 验证 Loss: 4.0954 | CER: 0.6977
2026-03-13 18:27:42 | 👀 抽查样本 -> 预测: □四城解官廿三百所候起休四告令毋卒以病錢田至令不拜 | 真实: □長田林詣官廿三今兩候長到皆告令爲卒卧席薦四重令可行
2026-03-13 18:27:42 | ⚠️ CER 未下降，早停计数器: 2/10
2026-03-13 18:28:21 | Epoch 57 | 训练 Loss: 2.0474
2026-03-13 18:28:23 | Epoch 57 | 验证 Loss: 4.1195 | CER: 0.6986
2026-03-13 18:28:23 | 👀 抽查样本 -> 预测: □日特幡官少三百府給皆行皆吉令方事代病穀四重令酉折 | 真实: □長田林詣官廿三今兩候長到皆告令爲卒卧席薦四重令可行
2026-03-13 18:28:23 | ⚠️ CER 未下降，早停计数器: 3/10
2026-03-13 18:29:12 | Epoch 58 | 训练 Loss: 1.9556
2026-03-13 18:29:14 | Epoch 58 | 验证 Loss: 4.0055 | CER: 0.6803
2026-03-13 18:29:14 | 👀 抽查样本 -> 预测: □四私解官廿三合府給起行皆去令爲事以病發自至令西拜 | 真实: □長田林詣官廿三今兩候長到皆告令爲卒卧席薦四重令可行
2026-03-13 18:29:15 | 🌟 发现更优模型！CER 降至 0.6803，已保存至 weights/best_model.pth
2026-03-13 18:30:12 | Epoch 59 | 训练 Loss: 1.8760
2026-03-13 18:30:15 | Epoch 59 | 验证 Loss: 4.0364 | CER: 0.6805
2026-03-13 18:30:15 | 👀 抽查样本 -> 预测: □四持解官廿三合府給弩持皆者令毋卒以病發田金今西拜 | 真实: □長田林詣官廿三今兩候長到皆告令爲卒卧席薦四重令可行
2026-03-13 18:30:15 | ⚠️ CER 未下降，早停计数器: 1/10
2026-03-13 18:31:17 | Epoch 60 | 训练 Loss: 1.7981
2026-03-13 18:31:19 | Epoch 60 | 验证 Loss: 4.0343 | CER: 0.6813
2026-03-13 18:31:19 | 👀 抽查样本 -> 预测: □四都觻官廿三合府給弩部皆去令爲事代病後田重今西拜 | 真实: □長田林詣官廿三今兩候長到皆告令爲卒卧席薦四重令可行
2026-03-13 18:31:19 | ⚠️ CER 未下降，早停计数器: 2/10
2026-03-13 18:32:07 | Epoch 61 | 训练 Loss: 1.7083
2026-03-13 18:32:10 | Epoch 61 | 验证 Loss: 4.0548 | CER: 0.6785
2026-03-13 18:32:10 | 👀 抽查样本 -> 预测: □四城解官廿三合所願道休得告令戍卒以病後四至今可行 | 真实: □長田林詣官廿三今兩候長到皆告令爲卒卧席薦四重令可行
2026-03-13 18:32:10 | 🌟 发现更优模型！CER 降至 0.6785，已保存至 weights/best_model.pth
2026-03-13 18:33:00 | Epoch 62 | 训练 Loss: 1.6676
2026-03-13 18:33:03 | Epoch 62 | 验证 Loss: 4.1387 | CER: 0.6867
2026-03-13 18:33:03 | 👀 抽查样本 -> 预测: □日將財官到三合而願皆行皆去令右事以病發田直令可行 | 真实: □長田林詣官廿三今兩候長到皆告令爲卒卧席薦四重令可行
2026-03-13 18:33:03 | ⚠️ CER 未下降，早停计数器: 1/10
2026-03-13 18:33:59 | Epoch 63 | 训练 Loss: 1.5929
2026-03-13 18:34:01 | Epoch 63 | 验证 Loss: 4.2090 | CER: 0.6809
2026-03-13 18:34:01 | 👀 抽查样本 -> 预测: □四城財官廿三百府餘弩許官告令右卒以病益自直今石誠 | 真实: □長田林詣官廿三今兩候長到皆告令爲卒卧席薦四重令可行
2026-03-13 18:34:01 | ⚠️ CER 未下降，早停计数器: 2/10
2026-03-13 18:34:59 | Epoch 64 | 训练 Loss: 1.5367
2026-03-13 18:35:01 | Epoch 64 | 验证 Loss: 4.1118 | CER: 0.6691
2026-03-13 18:35:01 | 👀 抽查样本 -> 预测: □日城解官廿三合所唯起行皆去令戍卒代病後田至令可輸 | 真实: □長田林詣官廿三今兩候長到皆告令爲卒卧席薦四重令可行
2026-03-13 18:35:02 | 🌟 发现更优模型！CER 降至 0.6691，已保存至 weights/best_model.pth
2026-03-13 18:36:02 | Epoch 65 | 训练 Loss: 1.4629
2026-03-13 18:36:06 | Epoch 65 | 验证 Loss: 4.0906 | CER: 0.6758
2026-03-13 18:36:06 | 👀 抽查样本 -> 预测: □曰城財官廿三合酉給朢行四告令右卒以病發田直今石符 | 真实: □長田林詣官廿三今兩候長到皆告令爲卒卧席薦四重令可行
2026-03-13 18:36:06 | ⚠️ CER 未下降，早停计数器: 1/10
2026-03-13 18:36:56 | Epoch 66 | 训练 Loss: 1.4097
2026-03-13 18:37:00 | Epoch 66 | 验证 Loss: 4.1592 | CER: 0.6727
2026-03-13 18:37:00 | 👀 抽查样本 -> 预测: □四時財官廿三合府觻弩行四月有令右卒以病發四直令石折 | 真实: □長田林詣官廿三今兩候長到皆告令爲卒卧席薦四重令可行
2026-03-13 18:37:00 | ⚠️ CER 未下降，早停计数器: 2/10
2026-03-13 18:37:54 | Epoch 67 | 训练 Loss: 1.3645
2026-03-13 18:37:57 | Epoch 67 | 验证 Loss: 4.1299 | CER: 0.6703
2026-03-13 18:37:57 | 👀 抽查样本 -> 预测: □四城詣官廿三合兩觻弩行皆月去令戍卒代病發四直令石拜 | 真实: □長田林詣官廿三今兩候長到皆告令爲卒卧席薦四重令可行
2026-03-13 18:37:57 | ⚠️ CER 未下降，早停计数器: 3/10
2026-03-13 18:38:54 | Epoch 68 | 训练 Loss: 1.3096
2026-03-13 18:38:56 | Epoch 68 | 验证 Loss: 4.1131 | CER: 0.6781
2026-03-13 18:38:56 | 👀 抽查样本 -> 预测: □田楊詣官廿三合所觻皆行四日告令有卒代廣渡田逢令可拜 | 真实: □長田林詣官廿三今兩候長到皆告令爲卒卧席薦四重令可行
2026-03-13 18:38:56 | ⚠️ CER 未下降，早停计数器: 4/10
2026-03-13 18:39:54 | Epoch 69 | 训练 Loss: 1.2541
2026-03-13 18:39:57 | Epoch 69 | 验证 Loss: 4.1751 | CER: 0.6671
2026-03-13 18:39:57 | 👀 抽查样本 -> 预测: □四將時官廿三合而給弩行皆告令戍卒以病錢田重今可拜 | 真实: □長田林詣官廿三今兩候長到皆告令爲卒卧席薦四重令可行
2026-03-13 18:39:57 | 🌟 发现更优模型！CER 降至 0.6671，已保存至 weights/best_model.pth
2026-03-13 18:41:07 | Epoch 70 | 训练 Loss: 1.1936
2026-03-13 18:41:10 | Epoch 70 | 验证 Loss: 4.1149 | CER: 0.6670
2026-03-13 18:41:10 | 👀 抽查样本 -> 预测: □四城詣官□三合府唯弩行皆去令右卒以病義四直今石行 | 真实: □長田林詣官廿三今兩候長到皆告令爲卒卧席薦四重令可行
2026-03-13 18:41:10 | 🌟 发现更优模型！CER 降至 0.6670，已保存至 weights/best_model.pth
2026-03-13 18:42:24 | Epoch 71 | 训练 Loss: 1.1344
2026-03-13 18:42:26 | Epoch 71 | 验证 Loss: 4.2315 | CER: 0.6664
2026-03-13 18:42:26 | 👀 抽查样本 -> 预测: □田城觻官廿三合而驗弩行皆去令右卒以病益四直今石行 | 真实: □長田林詣官廿三今兩候長到皆告令爲卒卧席薦四重令可行
2026-03-13 18:42:27 | 🌟 发现更优模型！CER 降至 0.6664，已保存至 weights/best_model.pth
2026-03-13 18:43:26 | Epoch 72 | 训练 Loss: 1.1467
2026-03-13 18:43:29 | Epoch 72 | 验证 Loss: 4.2228 | CER: 0.6597
2026-03-13 18:43:29 | 👀 抽查样本 -> 预测: □四楊詣官廿三合而願弩行皆有令有事以病發四直今石行 | 真实: □長田林詣官廿三今兩候長到皆告令爲卒卧席薦四重令可行
2026-03-13 18:43:29 | 🌟 发现更优模型！CER 降至 0.6597，已保存至 weights/best_model.pth
2026-03-13 18:44:23 | Epoch 73 | 训练 Loss: 1.1193
2026-03-13 18:44:25 | Epoch 73 | 验证 Loss: 4.3123 | CER: 0.6679
2026-03-13 18:44:25 | 👀 抽查样本 -> 预测: □四將詣官廿三合兩唯還行問有令布卒公病穀四重今可拜 | 真实: □長田林詣官廿三今兩候長到皆告令爲卒卧席薦四重令可行
2026-03-13 18:44:25 | ⚠️ CER 未下降，早停计数器: 1/10
2026-03-13 18:45:17 | Epoch 74 | 训练 Loss: 1.0505
2026-03-13 18:45:19 | Epoch 74 | 验证 Loss: 4.2984 | CER: 0.6729
2026-03-13 18:45:19 | 👀 抽查样本 -> 预测: □四折詣官廿三合病觻弩部問者令有卒病發田急令而拜 | 真实: □長田林詣官廿三今兩候長到皆告令爲卒卧席薦四重令可行
2026-03-13 18:45:19 | ⚠️ CER 未下降，早停计数器: 2/10
2026-03-13 18:46:19 | Epoch 75 | 训练 Loss: 1.0035
2026-03-13 18:46:21 | Epoch 75 | 验证 Loss: 4.2724 | CER: 0.6667
2026-03-13 18:46:21 | 👀 抽查样本 -> 预测: □四將詣官廿三合詣觻遣行皆有令有卒以病發四重今而行 | 真实: □長田林詣官廿三今兩候長到皆告令爲卒卧席薦四重令可行
2026-03-13 18:46:21 | ⚠️ CER 未下降，早停计数器: 3/10
2026-03-13 18:47:23 | Epoch 76 | 训练 Loss: 0.9764
2026-03-13 18:47:25 | Epoch 76 | 验证 Loss: 4.3271 | CER: 0.6692
2026-03-13 18:47:25 | 👀 抽查样本 -> 预测: □四城詣官廿三令而餘弩持皆當令戍卒以病發四直令而行 | 真实: □長田林詣官廿三今兩候長到皆告令爲卒卧席薦四重令可行
2026-03-13 18:47:25 | ⚠️ CER 未下降，早停计数器: 4/10
2026-03-13 18:48:17 | Epoch 77 | 训练 Loss: 0.9470
2026-03-13 18:48:19 | Epoch 77 | 验证 Loss: 4.3652 | CER: 0.6724
2026-03-13 18:48:19 | 👀 抽查样本 -> 预测: □四楊詣官廿三今而觻弩詣皆有令布卒以病益四直今西行 | 真实: □長田林詣官廿三今兩候長到皆告令爲卒卧席薦四重令可行
2026-03-13 18:48:19 | ⚠️ CER 未下降，早停计数器: 5/10
2026-03-13 18:49:12 | Epoch 78 | 训练 Loss: 0.9331
2026-03-13 18:49:15 | Epoch 78 | 验证 Loss: 4.4358 | CER: 0.6693
2026-03-13 18:49:15 | 👀 抽查样本 -> 预测: □四材詣官廿三合而謹君持皆有令方卒代病嚴四直今可行 | 真实: □長田林詣官廿三今兩候長到皆告令爲卒卧席薦四重令可行
2026-03-13 18:49:15 | ⚠️ CER 未下降，早停计数器: 6/10
2026-03-13 18:50:11 | Epoch 79 | 训练 Loss: 0.8967
2026-03-13 18:50:13 | Epoch 79 | 验证 Loss: 4.3983 | CER: 0.6636
2026-03-13 18:50:13 | 👀 抽查样本 -> 预测: □田城詣官廿三合而觻弩持皆有令有卒以病嚴四直今可符 | 真实: □長田林詣官廿三今兩候長到皆告令爲卒卧席薦四重令可行
2026-03-13 18:50:13 | ⚠️ CER 未下降，早停计数器: 7/10
2026-03-13 18:51:14 | Epoch 80 | 训练 Loss: 0.8318
2026-03-13 18:51:16 | Epoch 80 | 验证 Loss: 4.4128 | CER: 0.6652
2026-03-13 18:51:16 | 👀 抽查样本 -> 预测: □田城詣官□三合而觻弩持皆去令布事以病益四重今西拜 | 真实: □長田林詣官廿三今兩候長到皆告令爲卒卧席薦四重令可行
2026-03-13 18:51:16 | ⚠️ CER 未下降，早停计数器: 8/10
2026-03-13 18:52:01 | Epoch 81 | 训练 Loss: 0.8301
2026-03-13 18:52:04 | Epoch 81 | 验证 Loss: 4.4695 | CER: 0.6636
2026-03-13 18:52:04 | 👀 抽查样本 -> 预测: □田將詣官廿三今而謹君持皆者令戍李以病發四重今可行 | 真实: □長田林詣官廿三今兩候長到皆告令爲卒卧席薦四重令可行
2026-03-13 18:52:04 | ⚠️ CER 未下降，早停计数器: 9/10
2026-03-13 18:53:04 | Epoch 82 | 训练 Loss: 0.8040
2026-03-13 18:53:06 | Epoch 82 | 验证 Loss: 4.4841 | CER: 0.6619
2026-03-13 18:53:06 | 👀 抽查样本 -> 预测: □四城詣官□言令賈弩持皆去令右卒以病益四直今西行 | 真实: □長田林詣官廿三今兩候長到皆告令爲卒卧席薦四重令可行
2026-03-13 18:53:06 | ⚠️ CER 未下降，早停计数器: 10/10
2026-03-13 18:53:41 | Epoch 83 | 训练 Loss: 0.7840
2026-03-13 18:53:43 | Epoch 83 | 验证 Loss: 4.4969 | CER: 0.6639
2026-03-13 18:53:43 | 👀 抽查样本 -> 预测: □四城詣官廿三合齋餘弩持皆吉令九卒以病後四直今石符 | 真实: □長田林詣官廿三今兩候長到皆告令爲卒卧席薦四重令可行
2026-03-13 18:53:43 | ⚠️ CER 未下降，早停计数器: 11/10
2026-03-13 18:54:23 | Epoch 84 | 训练 Loss: 0.7486
2026-03-13 18:54:26 | Epoch 84 | 验证 Loss: 4.4555 | CER: 0.6694
2026-03-13 18:54:26 | 👀 抽查样本 -> 预测: □田楊詣官□三合虜觻弩部皆者令右卒以病後因直今可行 | 真实: □長田林詣官廿三今兩候長到皆告令爲卒卧席薦四重令可行
2026-03-13 18:54:26 | ⚠️ CER 未下降，早停计数器: 12/10
2026-03-13 18:55:03 | Epoch 85 | 训练 Loss: 0.8131
2026-03-13 18:55:05 | Epoch 85 | 验证 Loss: 4.6160 | CER: 0.6655
2026-03-13 18:55:05 | 👀 抽查样本 -> 预测: □四將詣官□三合齋觻兼行官吉令有卒以廣發四金令可行 | 真实: □長田林詣官廿三今兩候長到皆告令爲卒卧席薦四重令可行
2026-03-13 18:55:05 | ⚠️ CER 未下降，早停计数器: 13/10
2026-03-13 18:55:38 | Epoch 86 | 训练 Loss: 0.7382
2026-03-13 18:55:40 | Epoch 86 | 验证 Loss: 4.5029 | CER: 0.6651
2026-03-13 18:55:40 | 👀 抽查样本 -> 预测: □田楊詣官□三合齋觻朢得官吉令右事以常徒田重令可行 | 真实: □長田林詣官廿三今兩候長到皆告令爲卒卧席薦四重令可行
2026-03-13 18:55:40 | ⚠️ CER 未下降，早停计数器: 14/10
2026-03-13 18:56:19 | Epoch 87 | 训练 Loss: 0.7265
2026-03-13 18:56:22 | Epoch 87 | 验证 Loss: 4.5376 | CER: 0.6673
2026-03-13 18:56:22 | 👀 抽查样本 -> 预测: □四捕詣官廿三合兩觻弩將皆者令方卒以萬發四直今石符 | 真实: □長田林詣官廿三今兩候長到皆告令爲卒卧席薦四重令可行
2026-03-13 18:56:22 | ⚠️ CER 未下降，早停计数器: 15/10
2026-03-13 18:56:55 | Epoch 88 | 训练 Loss: 0.6820
2026-03-13 18:56:58 | Epoch 88 | 验证 Loss: 4.5220 | CER: 0.6603
2026-03-13 18:56:58 | 👀 抽查样本 -> 预测: □田楊詣官廿三合兩觻弩折八皆有令方卒以萬發四金今可行 | 真实: □長田林詣官廿三今兩候長到皆告令爲卒卧席薦四重令可行
2026-03-13 18:56:58 | ⚠️ CER 未下降，早停计数器: 16/10
2026-03-13 18:57:38 | Epoch 89 | 训练 Loss: 0.6924
2026-03-13 18:57:40 | Epoch 89 | 验证 Loss: 4.6206 | CER: 0.6671
2026-03-13 18:57:40 | 👀 抽查样本 -> 预测: □田將詣官□三合節觻弩行八皆有令右案以常發四重今可行 | 真实: □長田林詣官廿三今兩候長到皆告令爲卒卧席薦四重令可行
2026-03-13 18:57:40 | ⚠️ CER 未下降，早停计数器: 17/10
2026-03-13 18:58:16 | Epoch 90 | 训练 Loss: 0.6489
2026-03-13 18:58:18 | Epoch 90 | 验证 Loss: 4.6395 | CER: 0.6613
2026-03-13 18:58:18 | 👀 抽查样本 -> 预测: □田楊詣官□三合而觻弩行官有令右卒以病後田重今可拜 | 真实: □長田林詣官廿三今兩候長到皆告令爲卒卧席薦四重令可行
2026-03-13 18:58:18 | ⚠️ CER 未下降，早停计数器: 18/10
2026-03-13 18:58:54 | Epoch 91 | 训练 Loss: 0.6223
2026-03-13 18:58:57 | Epoch 91 | 验证 Loss: 4.5430 | CER: 0.6632
2026-03-13 18:58:57 | 👀 抽查样本 -> 预测: □田楊詣官□三合齋觻弩行一皆者令布卒以萬發四直官可輸 | 真实: □長田林詣官廿三今兩候長到皆告令爲卒卧席薦四重令可行
2026-03-13 18:58:57 | ⚠️ CER 未下降，早停计数器: 19/10
2026-03-13 18:59:48 | Epoch 92 | 训练 Loss: 0.6078
2026-03-13 18:59:50 | Epoch 92 | 验证 Loss: 4.6705 | CER: 0.6679
2026-03-13 18:59:50 | 👀 抽查样本 -> 预测: 毋田將詣官功三今齋觻君行官吉令方事以病發四重令可行 | 真实: □長田林詣官廿三今兩候長到皆告令爲卒卧席薦四重令可行
2026-03-13 18:59:50 | ⚠️ CER 未下降，早停计数器: 20/10
2026-03-13 19:00:45 | Epoch 93 | 训练 Loss: 0.5928
2026-03-13 19:00:47 | Epoch 93 | 验证 Loss: 4.6352 | CER: 0.6600
2026-03-13 19:00:47 | 👀 抽查样本 -> 预测: □田將詣官□三合府餘弩行官有令有金以病益四重今石行 | 真实: □長田林詣官廿三今兩候長到皆告令爲卒卧席薦四重令可行
2026-03-13 19:00:47 | ⚠️ CER 未下降，早停计数器: 21/10
2026-03-13 19:01:50 | Epoch 94 | 训练 Loss: 0.5719
2026-03-13 19:01:52 | Epoch 94 | 验证 Loss: 4.7056 | CER: 0.6607
2026-03-13 19:01:52 | 👀 抽查样本 -> 预测: □田楊詣官□三合而唯弩行因吉令有予以病後四重今可河 | 真实: □長田林詣官廿三今兩候長到皆告令爲卒卧席薦四重令可行
2026-03-13 19:01:52 | ⚠️ CER 未下降，早停计数器: 22/10
2026-03-13 19:02:49 | Epoch 95 | 训练 Loss: 0.5952
2026-03-13 19:02:51 | Epoch 95 | 验证 Loss: 4.6721 | CER: 0.6669
2026-03-13 19:02:51 | 👀 抽查样本 -> 预测: 爲田楊詣官□三合府唯弩行皆吉令方事以病嚴四重今石行 | 真实: □長田林詣官廿三今兩候長到皆告令爲卒卧席薦四重令可行
2026-03-13 19:02:51 | ⚠️ CER 未下降，早停计数器: 23/10
2026-03-13 19:03:59 | Epoch 96 | 训练 Loss: 0.5674
2026-03-13 19:04:02 | Epoch 96 | 验证 Loss: 4.7481 | CER: 0.6646
2026-03-13 19:04:02 | 👀 抽查样本 -> 预测: □田城詣官廿三合百願弩行八皆吉令卒以病發四卒令可行 | 真实: □長田林詣官廿三今兩候長到皆告令爲卒卧席薦四重令可行
2026-03-13 19:04:02 | ⚠️ CER 未下降，早停计数器: 24/10
2026-03-13 19:05:13 | Epoch 97 | 训练 Loss: 0.5894
2026-03-13 19:05:15 | Epoch 97 | 验证 Loss: 4.6908 | CER: 0.6660
2026-03-13 19:05:15 | 👀 抽查样本 -> 预测: □田城詣官□三合兩觻弩折皆常予有卒以病嚴四重今酉行 | 真实: □長田林詣官廿三今兩候長到皆告令爲卒卧席薦四重令可行
2026-03-13 19:05:15 | ⚠️ CER 未下降，早停计数器: 25/10
2026-03-13 19:06:11 | Epoch 98 | 训练 Loss: 0.5751
2026-03-13 19:06:13 | Epoch 98 | 验证 Loss: 4.7829 | CER: 0.6578
2026-03-13 19:06:13 | 👀 抽查样本 -> 预测: □四城詣官廿三合齋貧習行八皆吉令卒以病發四直今百行 | 真实: □長田林詣官廿三今兩候長到皆告令爲卒卧席薦四重令可行
2026-03-13 19:06:13 | 🌟 发现更优模型！CER 降至 0.6578，已保存至 weights/best_model.pth
2026-03-13 19:07:09 | Epoch 99 | 训练 Loss: 0.5544
2026-03-13 19:07:12 | Epoch 99 | 验证 Loss: 4.7981 | CER: 0.6521
2026-03-13 19:07:12 | 👀 抽查样本 -> 预测: □田楊詣官廿三合酉貧起行皆常令有案以病發四重令酉行 | 真实: □長田林詣官廿三今兩候長到皆告令爲卒卧席薦四重令可行
2026-03-13 19:07:13 | 🌟 发现更优模型！CER 降至 0.6521，已保存至 weights/best_model.pth
2026-03-13 19:08:27 | Epoch 100 | 训练 Loss: 0.5097
2026-03-13 19:08:29 | Epoch 100 | 验证 Loss: 4.7175 | CER: 0.6656
2026-03-13 19:08:29 | 👀 抽查样本 -> 预测: □四城詣官廿三合而觻弩行八皆吉令右卒以病發四直今石行 | 真实: □長田林詣官廿三今兩候長到皆告令爲卒卧席薦四重令可行
2026-03-13 19:08:29 | ⚠️ CER 未下降，早停计数器: 1/10
2026-03-13 19:08:29 | 🎉 训练任务全部完成！历史最佳验证集 CER 为: 0.6521



在现有的数据增强和训练方法改进后重训一次,bt=32,h=32,w=512,lr=0.001
2026-06-10 16:00:16 | 🚀 开始训练: DeepJiandu_CRNN_Baseline
2026-06-10 16:00:16 | 💻 使用设备: cuda
2026-06-10 16:00:16 | 📦 正在加载数据集...
2026-06-10 16:02:45 | Epoch 1 | 训练 Loss: 9.3434
2026-06-10 16:02:50 | Epoch 1 | 验证 Loss: 6.3243 | CER: 1.0000
2026-06-10 16:02:50 | 👀抽查样本|预测：
2026-06-10 16:02:50 | 👀抽查样本|真实：有人坐□□□迺乙亥疾□□
2026-06-10 16:02:50 | 📉 当前学习率: 0.000208
2026-06-10 16:02:50 | 🌟 发现更优模型！CER 降至 1.0000，已保存至 /home/mwl/disk_space/Baseline-CRNN/weights/best_model.pth
2026-06-10 16:03:53 | Epoch 2 | 训练 Loss: 6.2930
2026-06-10 16:03:57 | Epoch 2 | 验证 Loss: 6.1998 | CER: 1.0000
2026-06-10 16:03:57 | 👀抽查样本|预测：
2026-06-10 16:03:57 | 👀抽查样本|真实：有人坐□□□迺乙亥疾□□
2026-06-10 16:03:57 | 📉 当前学习率: 0.000406
2026-06-10 16:03:57 | ⚠️ CER 未下降，早停计数器: 1/30
2026-06-10 16:04:58 | Epoch 3 | 训练 Loss: 6.1803
2026-06-10 16:05:03 | Epoch 3 | 验证 Loss: 6.1574 | CER: 0.9994
2026-06-10 16:05:03 | 👀抽查样本|预测：
2026-06-10 16:05:03 | 👀抽查样本|真实：有人坐□□□迺乙亥疾□□
2026-06-10 16:05:03 | 📉 当前学习率: 0.000604
2026-06-10 16:05:03 | 🌟 发现更优模型！CER 降至 0.9994，已保存至 /home/mwl/disk_space/Baseline-CRNN/weights/best_model.pth
2026-06-10 16:06:04 | Epoch 4 | 训练 Loss: 6.1020
2026-06-10 16:06:08 | Epoch 4 | 验证 Loss: 6.1026 | CER: 0.9674
2026-06-10 16:06:08 | 👀抽查样本|预测：□
2026-06-10 16:06:08 | 👀抽查样本|真实：有人坐□□□迺乙亥疾□□
2026-06-10 16:06:08 | 📉 当前学习率: 0.000802
2026-06-10 16:06:09 | 🌟 发现更优模型！CER 降至 0.9674，已保存至 /home/mwl/disk_space/Baseline-CRNN/weights/best_model.pth
2026-06-10 16:07:08 | Epoch 5 | 训练 Loss: 6.0076
2026-06-10 16:07:12 | Epoch 5 | 验证 Loss: 6.0215 | CER: 0.9629
2026-06-10 16:07:12 | 👀抽查样本|预测：□
2026-06-10 16:07:12 | 👀抽查样本|真实：有人坐□□□迺乙亥疾□□
2026-06-10 16:07:12 | 📉 当前学习率: 0.001000
2026-06-10 16:07:12 | 🌟 发现更优模型！CER 降至 0.9629，已保存至 /home/mwl/disk_space/Baseline-CRNN/weights/best_model.pth
2026-06-10 16:08:09 | Epoch 6 | 训练 Loss: 5.8743
2026-06-10 16:08:13 | Epoch 6 | 验证 Loss: 5.8476 | CER: 0.9346
2026-06-10 16:08:13 | 👀抽查样本|预测：□
2026-06-10 16:08:13 | 👀抽查样本|真实：有人坐□□□迺乙亥疾□□
2026-06-10 16:08:13 | 📉 当前学习率: 0.001000
2026-06-10 16:08:14 | 🌟 发现更优模型！CER 降至 0.9346，已保存至 /home/mwl/disk_space/Baseline-CRNN/weights/best_model.pth
2026-06-10 16:09:15 | Epoch 7 | 训练 Loss: 5.6582
2026-06-10 16:09:20 | Epoch 7 | 验证 Loss: 5.6419 | CER: 0.9172
2026-06-10 16:09:20 | 👀抽查样本|预测：□□
2026-06-10 16:09:20 | 👀抽查样本|真实：有人坐□□□迺乙亥疾□□
2026-06-10 16:09:20 | 📉 当前学习率: 0.001000
2026-06-10 16:09:21 | 🌟 发现更优模型！CER 降至 0.9172，已保存至 /home/mwl/disk_space/Baseline-CRNN/weights/best_model.pth
2026-06-10 16:10:26 | Epoch 8 | 训练 Loss: 5.4577
2026-06-10 16:10:31 | Epoch 8 | 验证 Loss: 5.5814 | CER: 0.9099
2026-06-10 16:10:31 | 👀抽查样本|预测：□
2026-06-10 16:10:31 | 👀抽查样本|真实：有人坐□□□迺乙亥疾□□
2026-06-10 16:10:31 | 📉 当前学习率: 0.001000
2026-06-10 16:10:31 | 🌟 发现更优模型！CER 降至 0.9099，已保存至 /home/mwl/disk_space/Baseline-CRNN/weights/best_model.pth
2026-06-10 16:11:32 | Epoch 9 | 训练 Loss: 5.2901
2026-06-10 16:11:36 | Epoch 9 | 验证 Loss: 5.3272 | CER: 0.8909
2026-06-10 16:11:36 | 👀抽查样本|预测：□
2026-06-10 16:11:36 | 👀抽查样本|真实：有人坐□□□迺乙亥疾□□
2026-06-10 16:11:36 | 📉 当前学习率: 0.001000
2026-06-10 16:11:36 | 🌟 发现更优模型！CER 降至 0.8909，已保存至 /home/mwl/disk_space/Baseline-CRNN/weights/best_model.pth
2026-06-10 16:12:37 | Epoch 10 | 训练 Loss: 5.0594
2026-06-10 16:12:41 | Epoch 10 | 验证 Loss: 5.2499 | CER: 0.8794
2026-06-10 16:12:41 | 👀抽查样本|预测：□
2026-06-10 16:12:41 | 👀抽查样本|真实：有人坐□□□迺乙亥疾□□
2026-06-10 16:12:41 | 📉 当前学习率: 0.001000
2026-06-10 16:12:41 | 🌟 发现更优模型！CER 降至 0.8794，已保存至 /home/mwl/disk_space/Baseline-CRNN/weights/best_model.pth
2026-06-10 16:13:40 | Epoch 11 | 训练 Loss: 4.8865
2026-06-10 16:13:43 | Epoch 11 | 验证 Loss: 5.2264 | CER: 0.8787
2026-06-10 16:13:43 | 👀抽查样本|预测：□
2026-06-10 16:13:43 | 👀抽查样本|真实：有人坐□□□迺乙亥疾□□
2026-06-10 16:13:43 | 📉 当前学习率: 0.001000
2026-06-10 16:13:44 | 🌟 发现更优模型！CER 降至 0.8787，已保存至 /home/mwl/disk_space/Baseline-CRNN/weights/best_model.pth
2026-06-10 16:14:41 | Epoch 12 | 训练 Loss: 4.7105
2026-06-10 16:14:45 | Epoch 12 | 验证 Loss: 4.9716 | CER: 0.8503
2026-06-10 16:14:45 | 👀抽查样本|预测：□
2026-06-10 16:14:45 | 👀抽查样本|真实：有人坐□□□迺乙亥疾□□
2026-06-10 16:14:45 | 📉 当前学习率: 0.001000
2026-06-10 16:14:46 | 🌟 发现更优模型！CER 降至 0.8503，已保存至 /home/mwl/disk_space/Baseline-CRNN/weights/best_model.pth
2026-06-10 16:15:43 | Epoch 13 | 训练 Loss: 4.5524
2026-06-10 16:15:47 | Epoch 13 | 验证 Loss: 4.8796 | CER: 0.8350
2026-06-10 16:15:47 | 👀抽查样本|预测：□
2026-06-10 16:15:47 | 👀抽查样本|真实：有人坐□□□迺乙亥疾□□
2026-06-10 16:15:47 | 📉 当前学习率: 0.001000
2026-06-10 16:15:47 | 🌟 发现更优模型！CER 降至 0.8350，已保存至 /home/mwl/disk_space/Baseline-CRNN/weights/best_model.pth
2026-06-10 16:16:53 | Epoch 14 | 训练 Loss: 4.3551
2026-06-10 16:16:58 | Epoch 14 | 验证 Loss: 4.8581 | CER: 0.8317
2026-06-10 16:16:58 | 👀抽查样本|预测：□
2026-06-10 16:16:58 | 👀抽查样本|真实：有人坐□□□迺乙亥疾□□
2026-06-10 16:16:58 | 📉 当前学习率: 0.001000
2026-06-10 16:16:59 | 🌟 发现更优模型！CER 降至 0.8317，已保存至 /home/mwl/disk_space/Baseline-CRNN/weights/best_model.pth
2026-06-10 16:18:02 | Epoch 15 | 训练 Loss: 4.1920
2026-06-10 16:18:06 | Epoch 15 | 验证 Loss: 4.6922 | CER: 0.8135
2026-06-10 16:18:06 | 👀抽查样本|预测：□
2026-06-10 16:18:06 | 👀抽查样本|真实：有人坐□□□迺乙亥疾□□
2026-06-10 16:18:06 | 📉 当前学习率: 0.001000
2026-06-10 16:18:07 | 🌟 发现更优模型！CER 降至 0.8135，已保存至 /home/mwl/disk_space/Baseline-CRNN/weights/best_model.pth
2026-06-10 16:19:11 | Epoch 16 | 训练 Loss: 4.0387
2026-06-10 16:19:15 | Epoch 16 | 验证 Loss: 4.5646 | CER: 0.7933
2026-06-10 16:19:15 | 👀抽查样本|预测：□
2026-06-10 16:19:15 | 👀抽查样本|真实：有人坐□□□迺乙亥疾□□
2026-06-10 16:19:15 | 📉 当前学习率: 0.001000
2026-06-10 16:19:16 | 🌟 发现更优模型！CER 降至 0.7933，已保存至 /home/mwl/disk_space/Baseline-CRNN/weights/best_model.pth
2026-06-10 16:20:24 | Epoch 17 | 训练 Loss: 3.8734
2026-06-10 16:20:29 | Epoch 17 | 验证 Loss: 4.4878 | CER: 0.7812
2026-06-10 16:20:29 | 👀抽查样本|预测：□□
2026-06-10 16:20:29 | 👀抽查样本|真实：有人坐□□□迺乙亥疾□□
2026-06-10 16:20:29 | 📉 当前学习率: 0.001000
2026-06-10 16:20:29 | 🌟 发现更优模型！CER 降至 0.7812，已保存至 /home/mwl/disk_space/Baseline-CRNN/weights/best_model.pth
2026-06-10 16:21:35 | Epoch 18 | 训练 Loss: 3.6948
2026-06-10 16:21:39 | Epoch 18 | 验证 Loss: 4.4837 | CER: 0.7706
2026-06-10 16:21:39 | 👀抽查样本|预测：□小
2026-06-10 16:21:39 | 👀抽查样本|真实：有人坐□□□迺乙亥疾□□
2026-06-10 16:21:39 | 📉 当前学习率: 0.001000
2026-06-10 16:21:39 | 🌟 发现更优模型！CER 降至 0.7706，已保存至 /home/mwl/disk_space/Baseline-CRNN/weights/best_model.pth
2026-06-10 16:22:41 | Epoch 19 | 训练 Loss: 3.5210
2026-06-10 16:22:45 | Epoch 19 | 验证 Loss: 4.3369 | CER: 0.7554
2026-06-10 16:22:45 | 👀抽查样本|预测：□
2026-06-10 16:22:45 | 👀抽查样本|真实：有人坐□□□迺乙亥疾□□
2026-06-10 16:22:45 | 📉 当前学习率: 0.001000
2026-06-10 16:22:45 | 🌟 发现更优模型！CER 降至 0.7554，已保存至 /home/mwl/disk_space/Baseline-CRNN/weights/best_model.pth
2026-06-10 16:23:53 | Epoch 20 | 训练 Loss: 3.3633
2026-06-10 16:23:57 | Epoch 20 | 验证 Loss: 4.2761 | CER: 0.7466
2026-06-10 16:23:57 | 👀抽查样本|预测：□
2026-06-10 16:23:57 | 👀抽查样本|真实：有人坐□□□迺乙亥疾□□
2026-06-10 16:23:57 | 📉 当前学习率: 0.001000
2026-06-10 16:23:57 | 🌟 发现更优模型！CER 降至 0.7466，已保存至 /home/mwl/disk_space/Baseline-CRNN/weights/best_model.pth
2026-06-10 16:25:12 | Epoch 21 | 训练 Loss: 3.2245
2026-06-10 16:25:17 | Epoch 21 | 验证 Loss: 4.2373 | CER: 0.7471
2026-06-10 16:25:17 | 👀抽查样本|预测：□
2026-06-10 16:25:17 | 👀抽查样本|真实：有人坐□□□迺乙亥疾□□
2026-06-10 16:25:17 | 📉 当前学习率: 0.001000
2026-06-10 16:25:17 | ⚠️ CER 未下降，早停计数器: 1/30
2026-06-10 16:26:22 | Epoch 22 | 训练 Loss: 3.1120
2026-06-10 16:26:26 | Epoch 22 | 验证 Loss: 4.1490 | CER: 0.7300
2026-06-10 16:26:26 | 👀抽查样本|预测：□
2026-06-10 16:26:26 | 👀抽查样本|真实：有人坐□□□迺乙亥疾□□
2026-06-10 16:26:26 | 📉 当前学习率: 0.001000
2026-06-10 16:26:27 | 🌟 发现更优模型！CER 降至 0.7300，已保存至 /home/mwl/disk_space/Baseline-CRNN/weights/best_model.pth
2026-06-10 16:27:32 | Epoch 23 | 训练 Loss: 2.9707
2026-06-10 16:27:36 | Epoch 23 | 验证 Loss: 4.2130 | CER: 0.7315
2026-06-10 16:27:36 | 👀抽查样本|预测：□
2026-06-10 16:27:36 | 👀抽查样本|真实：有人坐□□□迺乙亥疾□□
2026-06-10 16:27:36 | 📉 当前学习率: 0.001000
2026-06-10 16:27:36 | ⚠️ CER 未下降，早停计数器: 1/30
2026-06-10 16:28:42 | Epoch 24 | 训练 Loss: 2.8509
2026-06-10 16:28:46 | Epoch 24 | 验证 Loss: 4.0866 | CER: 0.7141
2026-06-10 16:28:46 | 👀抽查样本|预测：□□□
2026-06-10 16:28:46 | 👀抽查样本|真实：有人坐□□□迺乙亥疾□□
2026-06-10 16:28:46 | 📉 当前学习率: 0.001000
2026-06-10 16:28:46 | 🌟 发现更优模型！CER 降至 0.7141，已保存至 /home/mwl/disk_space/Baseline-CRNN/weights/best_model.pth
2026-06-10 16:29:51 | Epoch 25 | 训练 Loss: 2.7218
2026-06-10 16:29:56 | Epoch 25 | 验证 Loss: 4.0784 | CER: 0.7105
2026-06-10 16:29:56 | 👀抽查样本|预测：□令
2026-06-10 16:29:56 | 👀抽查样本|真实：有人坐□□□迺乙亥疾□□
2026-06-10 16:29:56 | 📉 当前学习率: 0.001000
2026-06-10 16:29:56 | 🌟 发现更优模型！CER 降至 0.7105，已保存至 /home/mwl/disk_space/Baseline-CRNN/weights/best_model.pth
2026-06-10 16:31:03 | Epoch 26 | 训练 Loss: 2.5922
2026-06-10 16:31:07 | Epoch 26 | 验证 Loss: 4.0556 | CER: 0.7005
2026-06-10 16:31:07 | 👀抽查样本|预测：□□□
2026-06-10 16:31:07 | 👀抽查样本|真实：有人坐□□□迺乙亥疾□□
2026-06-10 16:31:07 | 📉 当前学习率: 0.001000
2026-06-10 16:31:08 | 🌟 发现更优模型！CER 降至 0.7005，已保存至 /home/mwl/disk_space/Baseline-CRNN/weights/best_model.pth
2026-06-10 16:32:16 | Epoch 27 | 训练 Loss: 2.4959
2026-06-10 16:32:21 | Epoch 27 | 验证 Loss: 4.0447 | CER: 0.7000
2026-06-10 16:32:21 | 👀抽查样本|预测：□令□□
2026-06-10 16:32:21 | 👀抽查样本|真实：有人坐□□□迺乙亥疾□□
2026-06-10 16:32:21 | 📉 当前学习率: 0.001000
2026-06-10 16:32:22 | 🌟 发现更优模型！CER 降至 0.7000，已保存至 /home/mwl/disk_space/Baseline-CRNN/weights/best_model.pth
2026-06-10 16:33:23 | Epoch 28 | 训练 Loss: 2.4062
2026-06-10 16:33:28 | Epoch 28 | 验证 Loss: 3.9931 | CER: 0.6924
2026-06-10 16:33:28 | 👀抽查样本|预测：□□□
2026-06-10 16:33:28 | 👀抽查样本|真实：有人坐□□□迺乙亥疾□□
2026-06-10 16:33:28 | 📉 当前学习率: 0.001000
2026-06-10 16:33:28 | 🌟 发现更优模型！CER 降至 0.6924，已保存至 /home/mwl/disk_space/Baseline-CRNN/weights/best_model.pth
2026-06-10 16:34:31 | Epoch 29 | 训练 Loss: 2.2926
2026-06-10 16:34:35 | Epoch 29 | 验证 Loss: 3.9940 | CER: 0.6839
2026-06-10 16:34:35 | 👀抽查样本|预测：□令□□□□□
2026-06-10 16:34:35 | 👀抽查样本|真实：有人坐□□□迺乙亥疾□□
2026-06-10 16:34:35 | 📉 当前学习率: 0.001000
2026-06-10 16:34:35 | 🌟 发现更优模型！CER 降至 0.6839，已保存至 /home/mwl/disk_space/Baseline-CRNN/weights/best_model.pth
2026-06-10 16:35:39 | Epoch 30 | 训练 Loss: 2.2105
2026-06-10 16:35:44 | Epoch 30 | 验证 Loss: 4.0093 | CER: 0.6938
2026-06-10 16:35:44 | 👀抽查样本|预测：□□□□□□□
2026-06-10 16:35:44 | 👀抽查样本|真实：有人坐□□□迺乙亥疾□□
2026-06-10 16:35:44 | 📉 当前学习率: 0.001000
2026-06-10 16:35:44 | ⚠️ CER 未下降，早停计数器: 1/30
2026-06-10 16:36:47 | Epoch 31 | 训练 Loss: 2.1376
2026-06-10 16:36:52 | Epoch 31 | 验证 Loss: 4.0559 | CER: 0.6904
2026-06-10 16:36:52 | 👀抽查样本|预测：□□□
2026-06-10 16:36:52 | 👀抽查样本|真实：有人坐□□□迺乙亥疾□□
2026-06-10 16:36:52 | 📉 当前学习率: 0.001000
2026-06-10 16:36:52 | ⚠️ CER 未下降，早停计数器: 2/30
2026-06-10 16:37:45 | Epoch 32 | 训练 Loss: 2.0540
2026-06-10 16:37:49 | Epoch 32 | 验证 Loss: 3.9856 | CER: 0.6792
2026-06-10 16:37:49 | 👀抽查样本|预测：□□□
2026-06-10 16:37:49 | 👀抽查样本|真实：有人坐□□□迺乙亥疾□□
2026-06-10 16:37:49 | 📉 当前学习率: 0.001000
2026-06-10 16:37:49 | 🌟 发现更优模型！CER 降至 0.6792，已保存至 /home/mwl/disk_space/Baseline-CRNN/weights/best_model.pth
2026-06-10 16:38:47 | Epoch 33 | 训练 Loss: 1.9675
2026-06-10 16:38:51 | Epoch 33 | 验证 Loss: 3.9541 | CER: 0.6729
2026-06-10 16:38:51 | 👀抽查样本|预测：□□□
2026-06-10 16:38:51 | 👀抽查样本|真实：有人坐□□□迺乙亥疾□□
2026-06-10 16:38:51 | 📉 当前学习率: 0.001000
2026-06-10 16:38:52 | 🌟 发现更优模型！CER 降至 0.6729，已保存至 /home/mwl/disk_space/Baseline-CRNN/weights/best_model.pth
2026-06-10 16:39:47 | Epoch 34 | 训练 Loss: 1.8955
2026-06-10 16:39:51 | Epoch 34 | 验证 Loss: 3.9879 | CER: 0.6706
2026-06-10 16:39:51 | 👀抽查样本|预测：□□□
2026-06-10 16:39:51 | 👀抽查样本|真实：有人坐□□□迺乙亥疾□□
2026-06-10 16:39:51 | 📉 当前学习率: 0.001000
2026-06-10 16:39:52 | 🌟 发现更优模型！CER 降至 0.6706，已保存至 /home/mwl/disk_space/Baseline-CRNN/weights/best_model.pth
2026-06-10 16:40:50 | Epoch 35 | 训练 Loss: 1.8373
2026-06-10 16:40:54 | Epoch 35 | 验证 Loss: 4.0176 | CER: 0.6692
2026-06-10 16:40:54 | 👀抽查样本|预测：□□
2026-06-10 16:40:54 | 👀抽查样本|真实：有人坐□□□迺乙亥疾□□
2026-06-10 16:40:54 | 📉 当前学习率: 0.001000
2026-06-10 16:40:54 | 🌟 发现更优模型！CER 降至 0.6692，已保存至 /home/mwl/disk_space/Baseline-CRNN/weights/best_model.pth
2026-06-10 16:41:50 | Epoch 36 | 训练 Loss: 1.7961
2026-06-10 16:41:54 | Epoch 36 | 验证 Loss: 3.9780 | CER: 0.6773
2026-06-10 16:41:54 | 👀抽查样本|预测：□八□乙
2026-06-10 16:41:54 | 👀抽查样本|真实：有人坐□□□迺乙亥疾□□
2026-06-10 16:41:54 | 📉 当前学习率: 0.001000
2026-06-10 16:41:54 | ⚠️ CER 未下降，早停计数器: 1/30
2026-06-10 16:42:51 | Epoch 37 | 训练 Loss: 1.7611
2026-06-10 16:42:55 | Epoch 37 | 验证 Loss: 3.9583 | CER: 0.6691
2026-06-10 16:42:55 | 👀抽查样本|预测：□令□□以□□
2026-06-10 16:42:55 | 👀抽查样本|真实：有人坐□□□迺乙亥疾□□
2026-06-10 16:42:55 | 📉 当前学习率: 0.001000
2026-06-10 16:42:55 | 🌟 发现更优模型！CER 降至 0.6691，已保存至 /home/mwl/disk_space/Baseline-CRNN/weights/best_model.pth
2026-06-10 16:43:51 | Epoch 38 | 训练 Loss: 1.6634
2026-06-10 16:43:55 | Epoch 38 | 验证 Loss: 3.9715 | CER: 0.6668
2026-06-10 16:43:55 | 👀抽查样本|预测：□八□□
2026-06-10 16:43:55 | 👀抽查样本|真实：有人坐□□□迺乙亥疾□□
2026-06-10 16:43:55 | 📉 当前学习率: 0.001000
2026-06-10 16:43:55 | 🌟 发现更优模型！CER 降至 0.6668，已保存至 /home/mwl/disk_space/Baseline-CRNN/weights/best_model.pth
2026-06-10 16:44:50 | Epoch 39 | 训练 Loss: 1.6014
2026-06-10 16:44:54 | Epoch 39 | 验证 Loss: 3.9583 | CER: 0.6663
2026-06-10 16:44:54 | 👀抽查样本|预测：□伏□□□
2026-06-10 16:44:54 | 👀抽查样本|真实：有人坐□□□迺乙亥疾□□
2026-06-10 16:44:54 | 📉 当前学习率: 0.001000
2026-06-10 16:44:54 | 🌟 发现更优模型！CER 降至 0.6663，已保存至 /home/mwl/disk_space/Baseline-CRNN/weights/best_model.pth
2026-06-10 16:45:47 | Epoch 40 | 训练 Loss: 1.5388
2026-06-10 16:45:50 | Epoch 40 | 验证 Loss: 4.0294 | CER: 0.6607
2026-06-10 16:45:50 | 👀抽查样本|预测：□以進□乙□□
2026-06-10 16:45:50 | 👀抽查样本|真实：有人坐□□□迺乙亥疾□□
2026-06-10 16:45:50 | 📉 当前学习率: 0.001000
2026-06-10 16:45:51 | 🌟 发现更优模型！CER 降至 0.6607，已保存至 /home/mwl/disk_space/Baseline-CRNN/weights/best_model.pth
2026-06-10 16:46:51 | Epoch 41 | 训练 Loss: 1.4834
2026-06-10 16:46:55 | Epoch 41 | 验证 Loss: 4.0437 | CER: 0.6558
2026-06-10 16:46:55 | 👀抽查样本|预测：候伏□未□
2026-06-10 16:46:55 | 👀抽查样本|真实：有人坐□□□迺乙亥疾□□
2026-06-10 16:46:55 | 📉 当前学习率: 0.001000
2026-06-10 16:46:55 | 🌟 发现更优模型！CER 降至 0.6558，已保存至 /home/mwl/disk_space/Baseline-CRNN/weights/best_model.pth
2026-06-10 16:47:50 | Epoch 42 | 训练 Loss: 1.4035
2026-06-10 16:47:53 | Epoch 42 | 验证 Loss: 3.9298 | CER: 0.6440
2026-06-10 16:47:53 | 👀抽查样本|预测：□伏□□□□□
2026-06-10 16:47:53 | 👀抽查样本|真实：有人坐□□□迺乙亥疾□□
2026-06-10 16:47:53 | 📉 当前学习率: 0.001000
2026-06-10 16:47:54 | 🌟 发现更优模型！CER 降至 0.6440，已保存至 /home/mwl/disk_space/Baseline-CRNN/weights/best_model.pth
2026-06-10 16:48:49 | Epoch 43 | 训练 Loss: 1.3744
2026-06-10 16:48:52 | Epoch 43 | 验证 Loss: 4.1083 | CER: 0.6580
2026-06-10 16:48:52 | 👀抽查样本|预测：候伏□運
2026-06-10 16:48:53 | 👀抽查样本|真实：有人坐□□□迺乙亥疾□□
2026-06-10 16:48:53 | 📉 当前学习率: 0.001000
2026-06-10 16:48:53 | ⚠️ CER 未下降，早停计数器: 1/30
2026-06-10 16:49:49 | Epoch 44 | 训练 Loss: 1.3463
2026-06-10 16:49:53 | Epoch 44 | 验证 Loss: 4.0808 | CER: 0.6557
2026-06-10 16:49:53 | 👀抽查样本|预测：□伏□候
2026-06-10 16:49:53 | 👀抽查样本|真实：有人坐□□□迺乙亥疾□□
2026-06-10 16:49:53 | 📉 当前学习率: 0.001000
2026-06-10 16:49:53 | ⚠️ CER 未下降，早停计数器: 2/30
2026-06-10 16:50:50 | Epoch 45 | 训练 Loss: 1.2845
2026-06-10 16:50:55 | Epoch 45 | 验证 Loss: 4.0069 | CER: 0.6501
2026-06-10 16:50:55 | 👀抽查样本|预测：□伏□拜地再
2026-06-10 16:50:55 | 👀抽查样本|真实：有人坐□□□迺乙亥疾□□
2026-06-10 16:50:55 | 📉 当前学习率: 0.001000
2026-06-10 16:50:55 | ⚠️ CER 未下降，早停计数器: 3/30
2026-06-10 16:51:52 | Epoch 46 | 训练 Loss: 1.2334
2026-06-10 16:51:55 | Epoch 46 | 验证 Loss: 4.1022 | CER: 0.6561
2026-06-10 16:51:55 | 👀抽查样本|预测：亭伏□□史以□□
2026-06-10 16:51:55 | 👀抽查样本|真实：有人坐□□□迺乙亥疾□□
2026-06-10 16:51:55 | 📉 当前学习率: 0.001000
2026-06-10 16:51:55 | ⚠️ CER 未下降，早停计数器: 4/30
2026-06-10 16:52:51 | Epoch 47 | 训练 Loss: 1.2040
2026-06-10 16:52:55 | Epoch 47 | 验证 Loss: 4.0892 | CER: 0.6602
2026-06-10 16:52:55 | 👀抽查样本|预测：□令地拜伏以再
2026-06-10 16:52:55 | 👀抽查样本|真实：有人坐□□□迺乙亥疾□□
2026-06-10 16:52:55 | 📉 当前学习率: 0.001000
2026-06-10 16:52:55 | ⚠️ CER 未下降，早停计数器: 5/30
2026-06-10 16:53:52 | Epoch 48 | 训练 Loss: 1.1577
2026-06-10 16:53:56 | Epoch 48 | 验证 Loss: 4.0397 | CER: 0.6419
2026-06-10 16:53:56 | 👀抽查样本|预测：□令卒□長□
2026-06-10 16:53:56 | 👀抽查样本|真实：有人坐□□□迺乙亥疾□□
2026-06-10 16:53:56 | 📉 当前学习率: 0.001000
2026-06-10 16:53:56 | 🌟 发现更优模型！CER 降至 0.6419，已保存至 /home/mwl/disk_space/Baseline-CRNN/weights/best_model.pth
2026-06-10 16:54:53 | Epoch 49 | 训练 Loss: 1.1252
2026-06-10 16:54:57 | Epoch 49 | 验证 Loss: 4.0872 | CER: 0.6435
2026-06-10 16:54:57 | 👀抽查样本|预测：教拜候
2026-06-10 16:54:57 | 👀抽查样本|真实：有人坐□□□迺乙亥疾□□
2026-06-10 16:54:57 | 📉 当前学习率: 0.001000
2026-06-10 16:54:57 | ⚠️ CER 未下降，早停计数器: 1/30
2026-06-10 16:55:53 | Epoch 50 | 训练 Loss: 1.0688
2026-06-10 16:55:57 | Epoch 50 | 验证 Loss: 4.1845 | CER: 0.6477
2026-06-10 16:55:57 | 👀抽查样本|预测：候令卒常伏以□
2026-06-10 16:55:57 | 👀抽查样本|真实：有人坐□□□迺乙亥疾□□
2026-06-10 16:55:57 | 📉 当前学习率: 0.001000
2026-06-10 16:55:57 | ⚠️ CER 未下降，早停计数器: 2/30
2026-06-10 16:56:54 | Epoch 51 | 训练 Loss: 1.0530
2026-06-10 16:56:57 | Epoch 51 | 验证 Loss: 4.1438 | CER: 0.6504
2026-06-10 16:56:57 | 👀抽查样本|预测：□□□□
2026-06-10 16:56:57 | 👀抽查样本|真实：有人坐□□□迺乙亥疾□□
2026-06-10 16:56:57 | 📉 当前学习率: 0.001000
2026-06-10 16:56:57 | ⚠️ CER 未下降，早停计数器: 3/30
2026-06-10 16:57:54 | Epoch 52 | 训练 Loss: 1.0102
2026-06-10 16:57:57 | Epoch 52 | 验证 Loss: 4.1795 | CER: 0.6447
2026-06-10 16:57:57 | 👀抽查样本|预测：□伏□□□
2026-06-10 16:57:57 | 👀抽查样本|真实：有人坐□□□迺乙亥疾□□
2026-06-10 16:57:57 | 📉 当前学习率: 0.001000
2026-06-10 16:57:57 | ⚠️ CER 未下降，早停计数器: 4/30
2026-06-10 16:58:53 | Epoch 53 | 训练 Loss: 0.9843
2026-06-10 16:58:56 | Epoch 53 | 验证 Loss: 4.1936 | CER: 0.6455
2026-06-10 16:58:56 | 👀抽查样本|预测：□小□使□
2026-06-10 16:58:56 | 👀抽查样本|真实：有人坐□□□迺乙亥疾□□
2026-06-10 16:58:56 | 📉 当前学习率: 0.001000
2026-06-10 16:58:56 | ⚠️ CER 未下降，早停计数器: 5/30
2026-06-10 16:59:49 | Epoch 54 | 训练 Loss: 0.9553
2026-06-10 16:59:53 | Epoch 54 | 验证 Loss: 4.2437 | CER: 0.6487
2026-06-10 16:59:53 | 👀抽查样本|预测：候未辰以□
2026-06-10 16:59:53 | 👀抽查样本|真实：有人坐□□□迺乙亥疾□□
2026-06-10 16:59:53 | 📉 当前学习率: 0.000500
2026-06-10 16:59:53 | ⚠️ CER 未下降，早停计数器: 6/30
2026-06-10 17:00:51 | Epoch 55 | 训练 Loss: 0.8195
2026-06-10 17:00:54 | Epoch 55 | 验证 Loss: 4.2163 | CER: 0.6403
2026-06-10 17:00:54 | 👀抽查样本|预测：候□□延□
2026-06-10 17:00:54 | 👀抽查样本|真实：有人坐□□□迺乙亥疾□□
2026-06-10 17:00:54 | 📉 当前学习率: 0.000500
2026-06-10 17:00:55 | 🌟 发现更优模型！CER 降至 0.6403，已保存至 /home/mwl/disk_space/Baseline-CRNN/weights/best_model.pth
2026-06-10 17:01:54 | Epoch 56 | 训练 Loss: 0.7601
2026-06-10 17:01:58 | Epoch 56 | 验证 Loss: 4.1701 | CER: 0.6386
2026-06-10 17:01:58 | 👀抽查样本|预测：□伏□□記
2026-06-10 17:01:58 | 👀抽查样本|真实：有人坐□□□迺乙亥疾□□
2026-06-10 17:01:58 | 📉 当前学习率: 0.000500
2026-06-10 17:01:59 | 🌟 发现更优模型！CER 降至 0.6386，已保存至 /home/mwl/disk_space/Baseline-CRNN/weights/best_model.pth
2026-06-10 17:02:55 | Epoch 57 | 训练 Loss: 0.7295
2026-06-10 17:02:58 | Epoch 57 | 验证 Loss: 4.1664 | CER: 0.6270
2026-06-10 17:02:58 | 👀抽查样本|预测：□伏卒□以□
2026-06-10 17:02:58 | 👀抽查样本|真实：有人坐□□□迺乙亥疾□□
2026-06-10 17:02:58 | 📉 当前学习率: 0.000500
2026-06-10 17:02:59 | 🌟 发现更优模型！CER 降至 0.6270，已保存至 /home/mwl/disk_space/Baseline-CRNN/weights/best_model.pth
2026-06-10 17:03:57 | Epoch 58 | 训练 Loss: 0.7228
2026-06-10 17:04:01 | Epoch 58 | 验证 Loss: 4.1474 | CER: 0.6343
2026-06-10 17:04:01 | 👀抽查样本|预测：□伏□癸以□
2026-06-10 17:04:01 | 👀抽查样本|真实：有人坐□□□迺乙亥疾□□
2026-06-10 17:04:01 | 📉 当前学习率: 0.000500
2026-06-10 17:04:01 | ⚠️ CER 未下降，早停计数器: 1/30
2026-06-10 17:05:00 | Epoch 59 | 训练 Loss: 0.6975
2026-06-10 17:05:04 | Epoch 59 | 验证 Loss: 4.3199 | CER: 0.6361
2026-06-10 17:05:04 | 👀抽查样本|预测：□令□□□□
2026-06-10 17:05:04 | 👀抽查样本|真实：有人坐□□□迺乙亥疾□□
2026-06-10 17:05:04 | 📉 当前学习率: 0.000500
2026-06-10 17:05:04 | ⚠️ CER 未下降，早停计数器: 2/30
2026-06-10 17:06:00 | Epoch 60 | 训练 Loss: 0.6759
2026-06-10 17:06:04 | Epoch 60 | 验证 Loss: 4.2416 | CER: 0.6383
2026-06-10 17:06:04 | 👀抽查样本|预测：□伏□候以□
2026-06-10 17:06:04 | 👀抽查样本|真实：有人坐□□□迺乙亥疾□□
2026-06-10 17:06:04 | 📉 当前学习率: 0.000500
2026-06-10 17:06:04 | ⚠️ CER 未下降，早停计数器: 3/30
2026-06-10 17:06:57 | Epoch 61 | 训练 Loss: 0.6500
2026-06-10 17:07:00 | Epoch 61 | 验证 Loss: 4.3028 | CER: 0.6344
2026-06-10 17:07:00 | 👀抽查样本|预测：候伏□□□□□
2026-06-10 17:07:00 | 👀抽查样本|真实：有人坐□□□迺乙亥疾□□
2026-06-10 17:07:00 | 📉 当前学习率: 0.000500
2026-06-10 17:07:00 | ⚠️ CER 未下降，早停计数器: 4/30
2026-06-10 17:07:57 | Epoch 62 | 训练 Loss: 0.6497
2026-06-10 17:08:00 | Epoch 62 | 验证 Loss: 4.1986 | CER: 0.6333
2026-06-10 17:08:00 | 👀抽查样本|预测：居伏□□以□
2026-06-10 17:08:00 | 👀抽查样本|真实：有人坐□□□迺乙亥疾□□
2026-06-10 17:08:00 | 📉 当前学习率: 0.000500
2026-06-10 17:08:00 | ⚠️ CER 未下降，早停计数器: 5/30
2026-06-10 17:08:57 | Epoch 63 | 训练 Loss: 0.6267
2026-06-10 17:09:01 | Epoch 63 | 验证 Loss: 4.2603 | CER: 0.6271
2026-06-10 17:09:01 | 👀抽查样本|预测：□□□□□
2026-06-10 17:09:01 | 👀抽查样本|真实：有人坐□□□迺乙亥疾□□
2026-06-10 17:09:01 | 📉 当前学习率: 0.000250
2026-06-10 17:09:01 | ⚠️ CER 未下降，早停计数器: 6/30
2026-06-10 17:09:57 | Epoch 64 | 训练 Loss: 0.5722
2026-06-10 17:10:02 | Epoch 64 | 验证 Loss: 4.2827 | CER: 0.6340
2026-06-10 17:10:02 | 👀抽查样本|预测：□伏□□□□□
2026-06-10 17:10:02 | 👀抽查样本|真实：有人坐□□□迺乙亥疾□□
2026-06-10 17:10:02 | 📉 当前学习率: 0.000250
2026-06-10 17:10:02 | ⚠️ CER 未下降，早停计数器: 7/30
2026-06-10 17:10:57 | Epoch 65 | 训练 Loss: 0.5592
2026-06-10 17:11:00 | Epoch 65 | 验证 Loss: 4.2318 | CER: 0.6276
2026-06-10 17:11:01 | 👀抽查样本|预测：候以□□記□
2026-06-10 17:11:01 | 👀抽查样本|真实：有人坐□□□迺乙亥疾□□
2026-06-10 17:11:01 | 📉 当前学习率: 0.000250
2026-06-10 17:11:01 | ⚠️ CER 未下降，早停计数器: 8/30
2026-06-10 17:11:55 | Epoch 66 | 训练 Loss: 0.5360
2026-06-10 17:11:58 | Epoch 66 | 验证 Loss: 4.2166 | CER: 0.6257
2026-06-10 17:11:58 | 👀抽查样本|预测：□伏□□□□□
2026-06-10 17:11:58 | 👀抽查样本|真实：有人坐□□□迺乙亥疾□□
2026-06-10 17:11:58 | 📉 当前学习率: 0.000250
2026-06-10 17:11:58 | 🌟 发现更优模型！CER 降至 0.6257，已保存至 /home/mwl/disk_space/Baseline-CRNN/weights/best_model.pth
2026-06-10 17:12:55 | Epoch 67 | 训练 Loss: 0.5283
2026-06-10 17:12:58 | Epoch 67 | 验证 Loss: 4.2635 | CER: 0.6262
2026-06-10 17:12:58 | 👀抽查样本|预测：□伏□候以□
2026-06-10 17:12:58 | 👀抽查样本|真实：有人坐□□□迺乙亥疾□□
2026-06-10 17:12:58 | 📉 当前学习率: 0.000250
2026-06-10 17:12:58 | ⚠️ CER 未下降，早停计数器: 1/30
2026-06-10 17:13:53 | Epoch 68 | 训练 Loss: 0.5203
2026-06-10 17:13:56 | Epoch 68 | 验证 Loss: 4.2677 | CER: 0.6249
2026-06-10 17:13:56 | 👀抽查样本|预测：候伏□□□□□
2026-06-10 17:13:56 | 👀抽查样本|真实：有人坐□□□迺乙亥疾□□
2026-06-10 17:13:56 | 📉 当前学习率: 0.000250
2026-06-10 17:13:57 | 🌟 发现更优模型！CER 降至 0.6249，已保存至 /home/mwl/disk_space/Baseline-CRNN/weights/best_model.pth
2026-06-10 17:14:52 | Epoch 69 | 训练 Loss: 0.5170
2026-06-10 17:14:56 | Epoch 69 | 验证 Loss: 4.3053 | CER: 0.6246
2026-06-10 17:14:56 | 👀抽查样本|预测：□伏□□長□
2026-06-10 17:14:56 | 👀抽查样本|真实：有人坐□□□迺乙亥疾□□
2026-06-10 17:14:56 | 📉 当前学习率: 0.000250
2026-06-10 17:14:57 | 🌟 发现更优模型！CER 降至 0.6246，已保存至 /home/mwl/disk_space/Baseline-CRNN/weights/best_model.pth
2026-06-10 17:15:51 | Epoch 70 | 训练 Loss: 0.4974
2026-06-10 17:15:54 | Epoch 70 | 验证 Loss: 4.3150 | CER: 0.6313
2026-06-10 17:15:54 | 👀抽查样本|预测：□伏□□□長□□
2026-06-10 17:15:54 | 👀抽查样本|真实：有人坐□□□迺乙亥疾□□
2026-06-10 17:15:54 | 📉 当前学习率: 0.000250
2026-06-10 17:15:54 | ⚠️ CER 未下降，早停计数器: 1/30
2026-06-10 17:16:52 | Epoch 71 | 训练 Loss: 0.4992
2026-06-10 17:16:55 | Epoch 71 | 验证 Loss: 4.2906 | CER: 0.6276
2026-06-10 17:16:55 | 👀抽查样本|预测：□伏□候長□
2026-06-10 17:16:55 | 👀抽查样本|真实：有人坐□□□迺乙亥疾□□
2026-06-10 17:16:55 | 📉 当前学习率: 0.000250
2026-06-10 17:16:55 | ⚠️ CER 未下降，早停计数器: 2/30
2026-06-10 17:17:51 | Epoch 72 | 训练 Loss: 0.4836
2026-06-10 17:17:55 | Epoch 72 | 验证 Loss: 4.2960 | CER: 0.6322
2026-06-10 17:17:55 | 👀抽查样本|预测：□伏□□□□
2026-06-10 17:17:55 | 👀抽查样本|真实：有人坐□□□迺乙亥疾□□
2026-06-10 17:17:55 | 📉 当前学习率: 0.000250
2026-06-10 17:17:55 | ⚠️ CER 未下降，早停计数器: 3/30
2026-06-10 17:18:52 | Epoch 73 | 训练 Loss: 0.4751
2026-06-10 17:18:56 | Epoch 73 | 验证 Loss: 4.3376 | CER: 0.6332
2026-06-10 17:18:56 | 👀抽查样本|预测：候伏□候□□
2026-06-10 17:18:56 | 👀抽查样本|真实：有人坐□□□迺乙亥疾□□
2026-06-10 17:18:56 | 📉 当前学习率: 0.000250
2026-06-10 17:18:56 | ⚠️ CER 未下降，早停计数器: 4/30
2026-06-10 17:19:53 | Epoch 74 | 训练 Loss: 0.4699
2026-06-10 17:19:56 | Epoch 74 | 验证 Loss: 4.4051 | CER: 0.6304
2026-06-10 17:19:56 | 👀抽查样本|预测：候伏□候長□
2026-06-10 17:19:56 | 👀抽查样本|真实：有人坐□□□迺乙亥疾□□
2026-06-10 17:19:56 | 📉 当前学习率: 0.000250
2026-06-10 17:19:56 | ⚠️ CER 未下降，早停计数器: 5/30
2026-06-10 17:20:53 | Epoch 75 | 训练 Loss: 0.4552
2026-06-10 17:20:57 | Epoch 75 | 验证 Loss: 4.3050 | CER: 0.6252
2026-06-10 17:20:57 | 👀抽查样本|预测：候伏□□長□
2026-06-10 17:20:57 | 👀抽查样本|真实：有人坐□□□迺乙亥疾□□
2026-06-10 17:20:57 | 📉 当前学习率: 0.000125
2026-06-10 17:20:57 | ⚠️ CER 未下降，早停计数器: 6/30
2026-06-10 17:21:48 | Epoch 76 | 训练 Loss: 0.4420
2026-06-10 17:21:51 | Epoch 76 | 验证 Loss: 4.3074 | CER: 0.6275
2026-06-10 17:21:51 | 👀抽查样本|预测：候伏卒候長□
2026-06-10 17:21:51 | 👀抽查样本|真实：有人坐□□□迺乙亥疾□□
2026-06-10 17:21:51 | 📉 当前学习率: 0.000125
2026-06-10 17:21:51 | ⚠️ CER 未下降，早停计数器: 7/30
2026-06-10 17:22:51 | Epoch 77 | 训练 Loss: 0.4260
2026-06-10 17:22:54 | Epoch 77 | 验证 Loss: 4.2991 | CER: 0.6259
2026-06-10 17:22:54 | 👀抽查样本|预测：□伏□候長□
2026-06-10 17:22:54 | 👀抽查样本|真实：有人坐□□□迺乙亥疾□□
2026-06-10 17:22:54 | 📉 当前学习率: 0.000125
2026-06-10 17:22:54 | ⚠️ CER 未下降，早停计数器: 8/30
2026-06-10 17:23:51 | Epoch 78 | 训练 Loss: 0.4235
2026-06-10 17:23:55 | Epoch 78 | 验证 Loss: 4.3065 | CER: 0.6238
2026-06-10 17:23:55 | 👀抽查样本|预测：候伏課候長□
2026-06-10 17:23:55 | 👀抽查样本|真实：有人坐□□□迺乙亥疾□□
2026-06-10 17:23:55 | 📉 当前学习率: 0.000125
2026-06-10 17:23:55 | 🌟 发现更优模型！CER 降至 0.6238，已保存至 /home/mwl/disk_space/Baseline-CRNN/weights/best_model.pth
2026-06-10 17:24:52 | Epoch 79 | 训练 Loss: 0.4152
2026-06-10 17:24:55 | Epoch 79 | 验证 Loss: 4.3408 | CER: 0.6268
2026-06-10 17:24:55 | 👀抽查样本|预测：候伏□□長□
2026-06-10 17:24:55 | 👀抽查样本|真实：有人坐□□□迺乙亥疾□□
2026-06-10 17:24:55 | 📉 当前学习率: 0.000125
2026-06-10 17:24:55 | ⚠️ CER 未下降，早停计数器: 1/30
2026-06-10 17:25:49 | Epoch 80 | 训练 Loss: 0.4105
2026-06-10 17:25:52 | Epoch 80 | 验证 Loss: 4.3165 | CER: 0.6232
2026-06-10 17:25:52 | 👀抽查样本|预测：候伏卒候長□
2026-06-10 17:25:52 | 👀抽查样本|真实：有人坐□□□迺乙亥疾□□
2026-06-10 17:25:52 | 📉 当前学习率: 0.000125
2026-06-10 17:25:53 | 🌟 发现更优模型！CER 降至 0.6232，已保存至 /home/mwl/disk_space/Baseline-CRNN/weights/best_model.pth
2026-06-10 17:26:48 | Epoch 81 | 训练 Loss: 0.4138
2026-06-10 17:26:52 | Epoch 81 | 验证 Loss: 4.3724 | CER: 0.6254
2026-06-10 17:26:52 | 👀抽查样本|预测：候伏拜候長□
2026-06-10 17:26:52 | 👀抽查样本|真实：有人坐□□□迺乙亥疾□□
2026-06-10 17:26:52 | 📉 当前学习率: 0.000125
2026-06-10 17:26:52 | ⚠️ CER 未下降，早停计数器: 1/30
2026-06-10 17:27:46 | Epoch 82 | 训练 Loss: 0.4092
2026-06-10 17:27:50 | Epoch 82 | 验证 Loss: 4.4138 | CER: 0.6254
2026-06-10 17:27:50 | 👀抽查样本|预测：候伏□候長□
2026-06-10 17:27:50 | 👀抽查样本|真实：有人坐□□□迺乙亥疾□□
2026-06-10 17:27:50 | 📉 当前学习率: 0.000125
2026-06-10 17:27:50 | ⚠️ CER 未下降，早停计数器: 2/30
2026-06-10 17:28:43 | Epoch 83 | 训练 Loss: 0.4053
2026-06-10 17:28:47 | Epoch 83 | 验证 Loss: 4.3337 | CER: 0.6240
2026-06-10 17:28:47 | 👀抽查样本|预测：候伏卒候長□
2026-06-10 17:28:47 | 👀抽查样本|真实：有人坐□□□迺乙亥疾□□
2026-06-10 17:28:47 | 📉 当前学习率: 0.000125
2026-06-10 17:28:47 | ⚠️ CER 未下降，早停计数器: 3/30
2026-06-10 17:29:37 | Epoch 84 | 训练 Loss: 0.4000
2026-06-10 17:29:40 | Epoch 84 | 验证 Loss: 4.3913 | CER: 0.6279
2026-06-10 17:29:40 | 👀抽查样本|预测：候伏拜候長□
2026-06-10 17:29:40 | 👀抽查样本|真实：有人坐□□□迺乙亥疾□□
2026-06-10 17:29:40 | 📉 当前学习率: 0.000125
2026-06-10 17:29:40 | ⚠️ CER 未下降，早停计数器: 4/30
2026-06-10 17:30:36 | Epoch 85 | 训练 Loss: 0.3925
2026-06-10 17:30:39 | Epoch 85 | 验证 Loss: 4.3712 | CER: 0.6234
2026-06-10 17:30:39 | 👀抽查样本|预测：候伏□□長□
2026-06-10 17:30:39 | 👀抽查样本|真实：有人坐□□□迺乙亥疾□□
2026-06-10 17:30:39 | 📉 当前学习率: 0.000125
2026-06-10 17:30:39 | ⚠️ CER 未下降，早停计数器: 5/30
2026-06-10 17:31:34 | Epoch 86 | 训练 Loss: 0.3900
2026-06-10 17:31:38 | Epoch 86 | 验证 Loss: 4.4201 | CER: 0.6235
2026-06-10 17:31:38 | 👀抽查样本|预测：候伏□□長□
2026-06-10 17:31:38 | 👀抽查样本|真实：有人坐□□□迺乙亥疾□□
2026-06-10 17:31:38 | 📉 当前学习率: 0.000063
2026-06-10 17:31:38 | ⚠️ CER 未下降，早停计数器: 6/30
2026-06-10 17:32:34 | Epoch 87 | 训练 Loss: 0.3831
2026-06-10 17:32:38 | Epoch 87 | 验证 Loss: 4.3819 | CER: 0.6262
2026-06-10 17:32:38 | 👀抽查样本|预测：候伏□□長□□
2026-06-10 17:32:38 | 👀抽查样本|真实：有人坐□□□迺乙亥疾□□
2026-06-10 17:32:38 | 📉 当前学习率: 0.000063
2026-06-10 17:32:38 | ⚠️ CER 未下降，早停计数器: 7/30
2026-06-10 17:33:33 | Epoch 88 | 训练 Loss: 0.3736
2026-06-10 17:33:36 | Epoch 88 | 验证 Loss: 4.3729 | CER: 0.6244
2026-06-10 17:33:36 | 👀抽查样本|预测：候伏□□□□
2026-06-10 17:33:36 | 👀抽查样本|真实：有人坐□□□迺乙亥疾□□
2026-06-10 17:33:36 | 📉 当前学习率: 0.000063
2026-06-10 17:33:36 | ⚠️ CER 未下降，早停计数器: 8/30
2026-06-10 17:34:30 | Epoch 89 | 训练 Loss: 0.3738
2026-06-10 17:34:34 | Epoch 89 | 验证 Loss: 4.3295 | CER: 0.6272
2026-06-10 17:34:34 | 👀抽查样本|预测：候伏□候長□
2026-06-10 17:34:34 | 👀抽查样本|真实：有人坐□□□迺乙亥疾□□
2026-06-10 17:34:34 | 📉 当前学习率: 0.000063
2026-06-10 17:34:34 | ⚠️ CER 未下降，早停计数器: 9/30
2026-06-10 17:35:27 | Epoch 90 | 训练 Loss: 0.3720
2026-06-10 17:35:30 | Epoch 90 | 验证 Loss: 4.3965 | CER: 0.6232
2026-06-10 17:35:30 | 👀抽查样本|预测：候伏□候□□
2026-06-10 17:35:30 | 👀抽查样本|真实：有人坐□□□迺乙亥疾□□
2026-06-10 17:35:30 | 📉 当前学习率: 0.000063
2026-06-10 17:35:30 | 🌟 发现更优模型！CER 降至 0.6232，已保存至 /home/mwl/disk_space/Baseline-CRNN/weights/best_model.pth
2026-06-10 17:36:22 | Epoch 91 | 训练 Loss: 0.3673
2026-06-10 17:36:25 | Epoch 91 | 验证 Loss: 4.3836 | CER: 0.6283
2026-06-10 17:36:25 | 👀抽查样本|预测：候伏□候長□
2026-06-10 17:36:25 | 👀抽查样本|真实：有人坐□□□迺乙亥疾□□
2026-06-10 17:36:25 | 📉 当前学习率: 0.000063
2026-06-10 17:36:25 | ⚠️ CER 未下降，早停计数器: 1/30
2026-06-10 17:37:19 | Epoch 92 | 训练 Loss: 0.3620
2026-06-10 17:37:23 | Epoch 92 | 验证 Loss: 4.3574 | CER: 0.6265
2026-06-10 17:37:23 | 👀抽查样本|预测：候伏□候長□
2026-06-10 17:37:23 | 👀抽查样本|真实：有人坐□□□迺乙亥疾□□
2026-06-10 17:37:23 | 📉 当前学习率: 0.000031
2026-06-10 17:37:23 | ⚠️ CER 未下降，早停计数器: 2/30
2026-06-10 17:38:18 | Epoch 93 | 训练 Loss: 0.3580
2026-06-10 17:38:22 | Epoch 93 | 验证 Loss: 4.4492 | CER: 0.6271
2026-06-10 17:38:22 | 👀抽查样本|预测：候伏□候長□
2026-06-10 17:38:22 | 👀抽查样本|真实：有人坐□□□迺乙亥疾□□
2026-06-10 17:38:22 | 📉 当前学习率: 0.000031
2026-06-10 17:38:22 | ⚠️ CER 未下降，早停计数器: 3/30
2026-06-10 17:39:18 | Epoch 94 | 训练 Loss: 0.3619
2026-06-10 17:39:22 | Epoch 94 | 验证 Loss: 4.3897 | CER: 0.6244
2026-06-10 17:39:22 | 👀抽查样本|预测：候伏□□□□□
2026-06-10 17:39:22 | 👀抽查样本|真实：有人坐□□□迺乙亥疾□□
2026-06-10 17:39:22 | 📉 当前学习率: 0.000031
2026-06-10 17:39:22 | ⚠️ CER 未下降，早停计数器: 4/30
2026-06-10 17:40:16 | Epoch 95 | 训练 Loss: 0.3579
2026-06-10 17:40:20 | Epoch 95 | 验证 Loss: 4.3357 | CER: 0.6217
2026-06-10 17:40:20 | 👀抽查样本|预测：候伏□候長□
2026-06-10 17:40:20 | 👀抽查样本|真实：有人坐□□□迺乙亥疾□□
2026-06-10 17:40:20 | 📉 当前学习率: 0.000031
2026-06-10 17:40:20 | 🌟 发现更优模型！CER 降至 0.6217，已保存至 /home/mwl/disk_space/Baseline-CRNN/weights/best_model.pth
2026-06-10 17:41:15 | Epoch 96 | 训练 Loss: 0.3547
2026-06-10 17:41:18 | Epoch 96 | 验证 Loss: 4.3581 | CER: 0.6222
2026-06-10 17:41:18 | 👀抽查样本|预测：候伏卒候長□
2026-06-10 17:41:18 | 👀抽查样本|真实：有人坐□□□迺乙亥疾□□
2026-06-10 17:41:18 | 📉 当前学习率: 0.000031
2026-06-10 17:41:18 | ⚠️ CER 未下降，早停计数器: 1/30
2026-06-10 17:42:16 | Epoch 97 | 训练 Loss: 0.3560
2026-06-10 17:42:19 | Epoch 97 | 验证 Loss: 4.4003 | CER: 0.6260
2026-06-10 17:42:19 | 👀抽查样本|预测：候伏□□長□
2026-06-10 17:42:19 | 👀抽查样本|真实：有人坐□□□迺乙亥疾□□
2026-06-10 17:42:19 | 📉 当前学习率: 0.000031
2026-06-10 17:42:19 | ⚠️ CER 未下降，早停计数器: 2/30
2026-06-10 17:43:12 | Epoch 98 | 训练 Loss: 0.3588
2026-06-10 17:43:16 | Epoch 98 | 验证 Loss: 4.3933 | CER: 0.6283
2026-06-10 17:43:16 | 👀抽查样本|预测：候伏□□長□
2026-06-10 17:43:16 | 👀抽查样本|真实：有人坐□□□迺乙亥疾□□
2026-06-10 17:43:16 | 📉 当前学习率: 0.000031
2026-06-10 17:43:16 | ⚠️ CER 未下降，早停计数器: 3/30
2026-06-10 17:44:08 | Epoch 99 | 训练 Loss: 0.3574
2026-06-10 17:44:12 | Epoch 99 | 验证 Loss: 4.3692 | CER: 0.6207
2026-06-10 17:44:12 | 👀抽查样本|预测：候伏□候長□
2026-06-10 17:44:12 | 👀抽查样本|真实：有人坐□□□迺乙亥疾□□
2026-06-10 17:44:12 | 📉 当前学习率: 0.000031
2026-06-10 17:44:12 | 🌟 发现更优模型！CER 降至 0.6207，已保存至 /home/mwl/disk_space/Baseline-CRNN/weights/best_model.pth
2026-06-10 17:45:11 | Epoch 100 | 训练 Loss: 0.3421
2026-06-10 17:45:15 | Epoch 100 | 验证 Loss: 4.3760 | CER: 0.6225
2026-06-10 17:45:15 | 👀抽查样本|预测：候伏□候長□
2026-06-10 17:45:15 | 👀抽查样本|真实：有人坐□□□迺乙亥疾□□
2026-06-10 17:45:15 | 📉 当前学习率: 0.000031
2026-06-10 17:45:15 | ⚠️ CER 未下降，早停计数器: 1/30
2026-06-10 17:46:10 | Epoch 101 | 训练 Loss: 0.3513
2026-06-10 17:46:13 | Epoch 101 | 验证 Loss: 4.3519 | CER: 0.6219
2026-06-10 17:46:13 | 👀抽查样本|预测：候伏□候長□
2026-06-10 17:46:13 | 👀抽查样本|真实：有人坐□□□迺乙亥疾□□
2026-06-10 17:46:13 | 📉 当前学习率: 0.000031
2026-06-10 17:46:13 | ⚠️ CER 未下降，早停计数器: 2/30
2026-06-10 17:47:05 | Epoch 102 | 训练 Loss: 0.3507
2026-06-10 17:47:09 | Epoch 102 | 验证 Loss: 4.4154 | CER: 0.6186
2026-06-10 17:47:09 | 👀抽查样本|预测：候伏□□長□
2026-06-10 17:47:09 | 👀抽查样本|真实：有人坐□□□迺乙亥疾□□
2026-06-10 17:47:09 | 📉 当前学习率: 0.000031
2026-06-10 17:47:09 | 🌟 发现更优模型！CER 降至 0.6186，已保存至 /home/mwl/disk_space/Baseline-CRNN/weights/best_model.pth
2026-06-10 17:48:03 | Epoch 103 | 训练 Loss: 0.3480
2026-06-10 17:48:07 | Epoch 103 | 验证 Loss: 4.4187 | CER: 0.6286
2026-06-10 17:48:07 | 👀抽查样本|预测：候伏□□長□
2026-06-10 17:48:07 | 👀抽查样本|真实：有人坐□□□迺乙亥疾□□
2026-06-10 17:48:07 | 📉 当前学习率: 0.000031
2026-06-10 17:48:07 | ⚠️ CER 未下降，早停计数器: 1/30
2026-06-10 17:49:03 | Epoch 104 | 训练 Loss: 0.3487
2026-06-10 17:49:08 | Epoch 104 | 验证 Loss: 4.4134 | CER: 0.6249
2026-06-10 17:49:08 | 👀抽查样本|预测：候伏□候長□
2026-06-10 17:49:08 | 👀抽查样本|真实：有人坐□□□迺乙亥疾□□
2026-06-10 17:49:08 | 📉 当前学习率: 0.000031
2026-06-10 17:49:08 | ⚠️ CER 未下降，早停计数器: 2/30
2026-06-10 17:50:01 | Epoch 105 | 训练 Loss: 0.3509
2026-06-10 17:50:04 | Epoch 105 | 验证 Loss: 4.4117 | CER: 0.6273
2026-06-10 17:50:04 | 👀抽查样本|预测：候伏□候長□
2026-06-10 17:50:04 | 👀抽查样本|真实：有人坐□□□迺乙亥疾□□
2026-06-10 17:50:04 | 📉 当前学习率: 0.000031
2026-06-10 17:50:04 | ⚠️ CER 未下降，早停计数器: 3/30
2026-06-10 17:50:56 | Epoch 106 | 训练 Loss: 0.3409
2026-06-10 17:50:59 | Epoch 106 | 验证 Loss: 4.4264 | CER: 0.6252
2026-06-10 17:50:59 | 👀抽查样本|预测：候伏□候長□
2026-06-10 17:50:59 | 👀抽查样本|真实：有人坐□□□迺乙亥疾□□
2026-06-10 17:50:59 | 📉 当前学习率: 0.000031
2026-06-10 17:50:59 | ⚠️ CER 未下降，早停计数器: 4/30
2026-06-10 17:51:56 | Epoch 107 | 训练 Loss: 0.3497
2026-06-10 17:51:59 | Epoch 107 | 验证 Loss: 4.4252 | CER: 0.6238
2026-06-10 17:51:59 | 👀抽查样本|预测：候伏□□長□
2026-06-10 17:51:59 | 👀抽查样本|真实：有人坐□□□迺乙亥疾□□
2026-06-10 17:51:59 | 📉 当前学习率: 0.000031
2026-06-10 17:51:59 | ⚠️ CER 未下降，早停计数器: 5/30
2026-06-10 17:52:54 | Epoch 108 | 训练 Loss: 0.3449
2026-06-10 17:52:58 | Epoch 108 | 验证 Loss: 4.4123 | CER: 0.6259
2026-06-10 17:52:58 | 👀抽查样本|预测：候伏□候長□
2026-06-10 17:52:58 | 👀抽查样本|真实：有人坐□□□迺乙亥疾□□
2026-06-10 17:52:58 | 📉 当前学习率: 0.000016
2026-06-10 17:52:58 | ⚠️ CER 未下降，早停计数器: 6/30
2026-06-10 17:53:54 | Epoch 109 | 训练 Loss: 0.3379
2026-06-10 17:53:58 | Epoch 109 | 验证 Loss: 4.4178 | CER: 0.6254
2026-06-10 17:53:58 | 👀抽查样本|预测：候伏□□長□
2026-06-10 17:53:58 | 👀抽查样本|真实：有人坐□□□迺乙亥疾□□
2026-06-10 17:53:58 | 📉 当前学习率: 0.000016
2026-06-10 17:53:58 | ⚠️ CER 未下降，早停计数器: 7/30
2026-06-10 17:54:52 | Epoch 110 | 训练 Loss: 0.3380
2026-06-10 17:54:56 | Epoch 110 | 验证 Loss: 4.4049 | CER: 0.6227
2026-06-10 17:54:56 | 👀抽查样本|预测：候伏□□長□
2026-06-10 17:54:56 | 👀抽查样本|真实：有人坐□□□迺乙亥疾□□
2026-06-10 17:54:56 | 📉 当前学习率: 0.000016
2026-06-10 17:54:56 | ⚠️ CER 未下降，早停计数器: 8/30
2026-06-10 17:55:52 | Epoch 111 | 训练 Loss: 0.3430
2026-06-10 17:55:55 | Epoch 111 | 验证 Loss: 4.3870 | CER: 0.6200
2026-06-10 17:55:55 | 👀抽查样本|预测：候伏卒□長□
2026-06-10 17:55:55 | 👀抽查样本|真实：有人坐□□□迺乙亥疾□□
2026-06-10 17:55:55 | 📉 当前学习率: 0.000016
2026-06-10 17:55:55 | ⚠️ CER 未下降，早停计数器: 9/30
2026-06-10 17:56:50 | Epoch 112 | 训练 Loss: 0.3370
2026-06-10 17:56:53 | Epoch 112 | 验证 Loss: 4.4008 | CER: 0.6248
2026-06-10 17:56:53 | 👀抽查样本|预测：候伏□□長□
2026-06-10 17:56:53 | 👀抽查样本|真实：有人坐□□□迺乙亥疾□□
2026-06-10 17:56:53 | 📉 当前学习率: 0.000016
2026-06-10 17:56:53 | ⚠️ CER 未下降，早停计数器: 10/30
2026-06-10 17:57:46 | Epoch 113 | 训练 Loss: 0.3471
2026-06-10 17:57:50 | Epoch 113 | 验证 Loss: 4.4103 | CER: 0.6255
2026-06-10 17:57:50 | 👀抽查样本|预测：候伏□□長□
2026-06-10 17:57:50 | 👀抽查样本|真实：有人坐□□□迺乙亥疾□□
2026-06-10 17:57:50 | 📉 当前学习率: 0.000016
2026-06-10 17:57:50 | ⚠️ CER 未下降，早停计数器: 11/30
2026-06-10 17:58:41 | Epoch 114 | 训练 Loss: 0.3375
2026-06-10 17:58:44 | Epoch 114 | 验证 Loss: 4.3782 | CER: 0.6240
2026-06-10 17:58:44 | 👀抽查样本|预测：候伏□候長□
2026-06-10 17:58:44 | 👀抽查样本|真实：有人坐□□□迺乙亥疾□□
2026-06-10 17:58:44 | 📉 当前学习率: 0.000008
2026-06-10 17:58:44 | ⚠️ CER 未下降，早停计数器: 12/30
2026-06-10 17:59:41 | Epoch 115 | 训练 Loss: 0.3400
2026-06-10 17:59:44 | Epoch 115 | 验证 Loss: 4.4005 | CER: 0.6216
2026-06-10 17:59:44 | 👀抽查样本|预测：候伏□□長□
2026-06-10 17:59:44 | 👀抽查样本|真实：有人坐□□□迺乙亥疾□□
2026-06-10 17:59:44 | 📉 当前学习率: 0.000008
2026-06-10 17:59:44 | ⚠️ CER 未下降，早停计数器: 13/30
2026-06-10 18:00:40 | Epoch 116 | 训练 Loss: 0.3389
2026-06-10 18:00:43 | Epoch 116 | 验证 Loss: 4.3999 | CER: 0.6264
2026-06-10 18:00:43 | 👀抽查样本|预测：候伏□□□□
2026-06-10 18:00:43 | 👀抽查样本|真实：有人坐□□□迺乙亥疾□□
2026-06-10 18:00:43 | 📉 当前学习率: 0.000008
2026-06-10 18:00:43 | ⚠️ CER 未下降，早停计数器: 14/30
2026-06-10 18:01:40 | Epoch 117 | 训练 Loss: 0.3467
2026-06-10 18:01:43 | Epoch 117 | 验证 Loss: 4.3768 | CER: 0.6215
2026-06-10 18:01:43 | 👀抽查样本|预测：候伏□□長□
2026-06-10 18:01:43 | 👀抽查样本|真实：有人坐□□□迺乙亥疾□□
2026-06-10 18:01:43 | 📉 当前学习率: 0.000008
2026-06-10 18:01:43 | ⚠️ CER 未下降，早停计数器: 15/30
2026-06-10 18:02:38 | Epoch 118 | 训练 Loss: 0.3410
2026-06-10 18:02:42 | Epoch 118 | 验证 Loss: 4.3966 | CER: 0.6253
2026-06-10 18:02:42 | 👀抽查样本|预测：候伏□候長□
2026-06-10 18:02:42 | 👀抽查样本|真实：有人坐□□□迺乙亥疾□□
2026-06-10 18:02:42 | 📉 当前学习率: 0.000008
2026-06-10 18:02:42 | ⚠️ CER 未下降，早停计数器: 16/30
2026-06-10 18:03:37 | Epoch 119 | 训练 Loss: 0.3388
2026-06-10 18:03:40 | Epoch 119 | 验证 Loss: 4.4102 | CER: 0.6233
2026-06-10 18:03:40 | 👀抽查样本|预测：候伏□□長□
2026-06-10 18:03:40 | 👀抽查样本|真实：有人坐□□□迺乙亥疾□□
2026-06-10 18:03:40 | 📉 当前学习率: 0.000008
2026-06-10 18:03:40 | ⚠️ CER 未下降，早停计数器: 17/30
2026-06-10 18:04:34 | Epoch 120 | 训练 Loss: 0.3384
2026-06-10 18:04:37 | Epoch 120 | 验证 Loss: 4.4382 | CER: 0.6215
2026-06-10 18:04:37 | 👀抽查样本|预测：候伏□□長□
2026-06-10 18:04:37 | 👀抽查样本|真实：有人坐□□□迺乙亥疾□□
2026-06-10 18:04:37 | 📉 当前学习率: 0.000004
2026-06-10 18:04:37 | ⚠️ CER 未下降，早停计数器: 18/30
2026-06-10 18:05:29 | Epoch 121 | 训练 Loss: 0.3389
2026-06-10 18:05:32 | Epoch 121 | 验证 Loss: 4.3711 | CER: 0.6217
2026-06-10 18:05:32 | 👀抽查样本|预测：候伏□□長□
2026-06-10 18:05:32 | 👀抽查样本|真实：有人坐□□□迺乙亥疾□□
2026-06-10 18:05:32 | 📉 当前学习率: 0.000004
2026-06-10 18:05:32 | ⚠️ CER 未下降，早停计数器: 19/30
2026-06-10 18:06:27 | Epoch 122 | 训练 Loss: 0.3354
2026-06-10 18:06:31 | Epoch 122 | 验证 Loss: 4.3754 | CER: 0.6240
2026-06-10 18:06:31 | 👀抽查样本|预测：候伏□□長□
2026-06-10 18:06:31 | 👀抽查样本|真实：有人坐□□□迺乙亥疾□□
2026-06-10 18:06:31 | 📉 当前学习率: 0.000004
2026-06-10 18:06:31 | ⚠️ CER 未下降，早停计数器: 20/30
2026-06-10 18:07:22 | Epoch 123 | 训练 Loss: 0.3242
2026-06-10 18:07:26 | Epoch 123 | 验证 Loss: 4.4417 | CER: 0.6248
2026-06-10 18:07:26 | 👀抽查样本|预测：候伏□□□□
2026-06-10 18:07:26 | 👀抽查样本|真实：有人坐□□□迺乙亥疾□□
2026-06-10 18:07:26 | 📉 当前学习率: 0.000004
2026-06-10 18:07:26 | ⚠️ CER 未下降，早停计数器: 21/30
2026-06-10 18:08:19 | Epoch 124 | 训练 Loss: 0.3367
2026-06-10 18:08:22 | Epoch 124 | 验证 Loss: 4.4294 | CER: 0.6232
2026-06-10 18:08:22 | 👀抽查样本|预测：候伏□□長□
2026-06-10 18:08:22 | 👀抽查样本|真实：有人坐□□□迺乙亥疾□□
2026-06-10 18:08:22 | 📉 当前学习率: 0.000004
2026-06-10 18:08:22 | ⚠️ CER 未下降，早停计数器: 22/30
2026-06-10 18:09:24 | Epoch 125 | 训练 Loss: 0.3417
2026-06-10 18:09:27 | Epoch 125 | 验证 Loss: 4.3960 | CER: 0.6263
2026-06-10 18:09:27 | 👀抽查样本|预测：候伏□候長□
2026-06-10 18:09:27 | 👀抽查样本|真实：有人坐□□□迺乙亥疾□□
2026-06-10 18:09:27 | 📉 当前学习率: 0.000004
2026-06-10 18:09:27 | ⚠️ CER 未下降，早停计数器: 23/30
2026-06-10 18:10:24 | Epoch 126 | 训练 Loss: 0.3378
2026-06-10 18:10:28 | Epoch 126 | 验证 Loss: 4.4289 | CER: 0.6240
2026-06-10 18:10:28 | 👀抽查样本|预测：候伏□□□□
2026-06-10 18:10:28 | 👀抽查样本|真实：有人坐□□□迺乙亥疾□□
2026-06-10 18:10:28 | 📉 当前学习率: 0.000002
2026-06-10 18:10:28 | ⚠️ CER 未下降，早停计数器: 24/30
2026-06-10 18:11:24 | Epoch 127 | 训练 Loss: 0.3403
2026-06-10 18:11:28 | Epoch 127 | 验证 Loss: 4.4806 | CER: 0.6281
2026-06-10 18:11:28 | 👀抽查样本|预测：候伏□請長□
2026-06-10 18:11:28 | 👀抽查样本|真实：有人坐□□□迺乙亥疾□□
2026-06-10 18:11:28 | 📉 当前学习率: 0.000002
2026-06-10 18:11:28 | ⚠️ CER 未下降，早停计数器: 25/30
2026-06-10 18:12:21 | Epoch 128 | 训练 Loss: 0.3358
2026-06-10 18:12:24 | Epoch 128 | 验证 Loss: 4.4056 | CER: 0.6229
2026-06-10 18:12:24 | 👀抽查样本|预测：候伏□候長□
2026-06-10 18:12:24 | 👀抽查样本|真实：有人坐□□□迺乙亥疾□□
2026-06-10 18:12:24 | 📉 当前学习率: 0.000002
2026-06-10 18:12:24 | ⚠️ CER 未下降，早停计数器: 26/30
2026-06-10 18:13:16 | Epoch 129 | 训练 Loss: 0.3351
2026-06-10 18:13:19 | Epoch 129 | 验证 Loss: 4.3600 | CER: 0.6195
2026-06-10 18:13:19 | 👀抽查样本|预测：候伏□□長□
2026-06-10 18:13:19 | 👀抽查样本|真实：有人坐□□□迺乙亥疾□□
2026-06-10 18:13:19 | 📉 当前学习率: 0.000002
2026-06-10 18:13:19 | ⚠️ CER 未下降，早停计数器: 27/30
2026-06-10 18:14:13 | Epoch 130 | 训练 Loss: 0.3283
2026-06-10 18:14:16 | Epoch 130 | 验证 Loss: 4.4335 | CER: 0.6209
2026-06-10 18:14:16 | 👀抽查样本|预测：候伏□□長□
2026-06-10 18:14:16 | 👀抽查样本|真实：有人坐□□□迺乙亥疾□□
2026-06-10 18:14:16 | 📉 当前学习率: 0.000002
2026-06-10 18:14:16 | ⚠️ CER 未下降，早停计数器: 28/30
2026-06-10 18:15:12 | Epoch 131 | 训练 Loss: 0.3386
2026-06-10 18:15:16 | Epoch 131 | 验证 Loss: 4.4119 | CER: 0.6238
2026-06-10 18:15:16 | 👀抽查样本|预测：候伏□候長□
2026-06-10 18:15:16 | 👀抽查样本|真实：有人坐□□□迺乙亥疾□□
2026-06-10 18:15:16 | 📉 当前学习率: 0.000002
2026-06-10 18:15:16 | ⚠️ CER 未下降，早停计数器: 29/30
2026-06-10 18:16:11 | Epoch 132 | 训练 Loss: 0.3379
2026-06-10 18:16:14 | Epoch 132 | 验证 Loss: 4.3848 | CER: 0.6229
2026-06-10 18:16:14 | 👀抽查样本|预测：候伏□□長□
2026-06-10 18:16:14 | 👀抽查样本|真实：有人坐□□□迺乙亥疾□□
2026-06-10 18:16:14 | 📉 当前学习率: 0.000001
2026-06-10 18:16:14 | ⚠️ CER 未下降，早停计数器: 30/30
2026-06-10 18:16:14 | 🛑 连续 30 个 Epoch 指标未提升，触发早停机制，训练结束！
2026-06-10 18:16:14 | 🎉 训练任务全部完成！历史最佳验证集 CER 为: 0.6186
